0:0:0:0:0:0:0:1 - - [04/Dec/2022:19:19:36 +0530] "GET / HTTP/1.1" 200 2629 2562
0:0:0:0:0:0:0:1 - - [04/Dec/2022:19:19:36 +0530] "GET / HTTP/1.1" 200 2629 98
0:0:0:0:0:0:0:1 - - [04/Dec/2022:19:19:36 +0530] "GET /script.js HTTP/1.1" 302 - 134
0:0:0:0:0:0:0:1 - - [04/Dec/2022:19:19:36 +0530] "GET /style.css HTTP/1.1" 302 - 134
0:0:0:0:0:0:0:1 - - [04/Dec/2022:19:19:36 +0530] "GET /style.css HTTP/1.1" 302 - 15
0:0:0:0:0:0:0:1 - - [04/Dec/2022:19:19:36 +0530] "GET /script.js HTTP/1.1" 302 - 16
0:0:0:0:0:0:0:1 - - [04/Dec/2022:19:19:36 +0530] "GET /login HTTP/1.1" 200 3214 56
0:0:0:0:0:0:0:1 - - [04/Dec/2022:19:19:36 +0530] "GET /login HTTP/1.1" 200 3214 17
0:0:0:0:0:0:0:1 - - [04/Dec/2022:19:19:36 +0530] "GET /login HTTP/1.1" 200 3214 14
0:0:0:0:0:0:0:1 - - [04/Dec/2022:19:19:36 +0530] "GET /login HTTP/1.1" 200 3214 22
0:0:0:0:0:0:0:1 - - [04/Dec/2022:19:19:36 +0530] "GET / HTTP/1.1" 200 2629 43
0:0:0:0:0:0:0:1 - - [04/Dec/2022:19:19:36 +0530] "GET /style.css HTTP/1.1" 302 - 15
0:0:0:0:0:0:0:1 - - [04/Dec/2022:19:19:36 +0530] "GET /script.js HTTP/1.1" 302 - 17
0:0:0:0:0:0:0:1 - - [04/Dec/2022:19:19:36 +0530] "GET /login HTTP/1.1" 200 3214 36
0:0:0:0:0:0:0:1 - - [04/Dec/2022:19:19:36 +0530] "GET /login HTTP/1.1" 200 3214 12
0:0:0:0:0:0:0:1 - - [04/Dec/2022:19:19:41 +0530] "GET / HTTP/1.1" 200 2629 68
0:0:0:0:0:0:0:1 - - [04/Dec/2022:19:19:41 +0530] "GET /script.js HTTP/1.1" 302 - 18
0:0:0:0:0:0:0:1 - - [04/Dec/2022:19:19:41 +0530] "GET /style.css HTTP/1.1" 302 - 18
0:0:0:0:0:0:0:1 - - [04/Dec/2022:19:19:41 +0530] "GET /login HTTP/1.1" 200 3214 16
0:0:0:0:0:0:0:1 - - [04/Dec/2022:19:19:41 +0530] "GET /login HTTP/1.1" 200 3214 11
0:0:0:0:0:0:0:1 - - [04/Dec/2022:19:19:43 +0530] "GET / HTTP/1.1" 200 2629 33
0:0:0:0:0:0:0:1 - - [04/Dec/2022:19:19:43 +0530] "GET /script.js HTTP/1.1" 302 - 6
0:0:0:0:0:0:0:1 - - [04/Dec/2022:19:19:43 +0530] "GET /style.css HTTP/1.1" 302 - 6
0:0:0:0:0:0:0:1 - - [04/Dec/2022:19:19:43 +0530] "GET /login HTTP/1.1" 200 3214 30
0:0:0:0:0:0:0:1 - - [04/Dec/2022:19:19:43 +0530] "GET /login HTTP/1.1" 200 3214 9
0:0:0:0:0:0:0:1 - - [04/Dec/2022:19:20:03 +0530] "GET / HTTP/1.1" 200 2629 40
0:0:0:0:0:0:0:1 - - [04/Dec/2022:19:20:03 +0530] "GET /style.css HTTP/1.1" 302 - 15
0:0:0:0:0:0:0:1 - - [04/Dec/2022:19:20:03 +0530] "GET /script.js HTTP/1.1" 302 - 14
0:0:0:0:0:0:0:1 - - [04/Dec/2022:19:20:04 +0530] "GET /login HTTP/1.1" 200 3214 19
0:0:0:0:0:0:0:1 - - [04/Dec/2022:19:20:04 +0530] "GET /login HTTP/1.1" 200 3214 11
0:0:0:0:0:0:0:1 - - [04/Dec/2022:19:20:05 +0530] "GET /favicon.ico HTTP/1.1" 302 - 10
0:0:0:0:0:0:0:1 - - [04/Dec/2022:19:20:05 +0530] "GET /login HTTP/1.1" 200 3214 30
0:0:0:0:0:0:0:1 - - [04/Dec/2022:19:20:05 +0530] "GET / HTTP/1.1" 200 2629 21
0:0:0:0:0:0:0:1 - - [04/Dec/2022:19:20:05 +0530] "GET /script.js HTTP/1.1" 302 - 13
0:0:0:0:0:0:0:1 - - [04/Dec/2022:19:20:05 +0530] "GET /style.css HTTP/1.1" 302 - 29
0:0:0:0:0:0:0:1 - - [04/Dec/2022:19:20:05 +0530] "GET /login HTTP/1.1" 200 3214 15
0:0:0:0:0:0:0:1 - - [04/Dec/2022:19:20:05 +0530] "GET /login HTTP/1.1" 200 3214 6
0:0:0:0:0:0:0:1 - - [04/Dec/2022:19:20:31 +0530] "GET / HTTP/1.1" 200 2629 77
0:0:0:0:0:0:0:1 - - [04/Dec/2022:19:20:31 +0530] "GET /style.css HTTP/1.1" 302 - 21
0:0:0:0:0:0:0:1 - - [04/Dec/2022:19:20:31 +0530] "GET /script.js HTTP/1.1" 302 - 21
0:0:0:0:0:0:0:1 - - [04/Dec/2022:19:20:31 +0530] "GET /login HTTP/1.1" 200 3214 22
0:0:0:0:0:0:0:1 - - [04/Dec/2022:19:20:31 +0530] "GET /login HTTP/1.1" 200 3214 17
0:0:0:0:0:0:0:1 - - [04/Dec/2022:19:20:41 +0530] "GET /favicon.ico HTTP/1.1" 302 - 31
0:0:0:0:0:0:0:1 - - [04/Dec/2022:19:20:41 +0530] "GET /login HTTP/1.1" 200 3214 39
0:0:0:0:0:0:0:1 - - [04/Dec/2022:19:20:43 +0530] "GET /home HTTP/1.1" 302 - 36
0:0:0:0:0:0:0:1 - - [04/Dec/2022:19:20:43 +0530] "GET /login HTTP/1.1" 200 3214 33
0:0:0:0:0:0:0:1 - - [04/Dec/2022:19:20:43 +0530] "GET /vendor/jquery-easing/jquery.easing.min.js HTTP/1.1" 200 2532 71
0:0:0:0:0:0:0:1 - - [04/Dec/2022:19:20:43 +0530] "GET /vendor/jquery/jquery.min.js HTTP/1.1" 200 86927 71
0:0:0:0:0:0:0:1 - - [04/Dec/2022:19:20:43 +0530] "GET /js/sb-admin-2.min.js HTTP/1.1" 200 1106 75
0:0:0:0:0:0:0:1 - - [04/Dec/2022:19:20:43 +0530] "GET /vendor/bootstrap/js/bootstrap.bundle.min.js HTTP/1.1" 200 78635 75
0:0:0:0:0:0:0:1 - - [04/Dec/2022:19:20:43 +0530] "GET /css/sb-admin-2.min.css HTTP/1.1" 200 256663 75
0:0:0:0:0:0:0:1 - - [04/Dec/2022:19:20:43 +0530] "GET /vendor/fontawesome-free/css/all.min.css HTTP/1.1" 200 68848 78
0:0:0:0:0:0:0:1 - - [04/Dec/2022:19:20:44 +0530] "GET /img/SDIcon.ico HTTP/1.1" 404 146 79
0:0:0:0:0:0:0:1 - - [04/Dec/2022:19:21:57 +0530] "POST /login HTTP/1.1" 302 - 389
0:0:0:0:0:0:0:1 - - [04/Dec/2022:19:21:57 +0530] "GET / HTTP/1.1" 200 2629 44
0:0:0:0:0:0:0:1 - - [04/Dec/2022:19:21:57 +0530] "GET /style.css HTTP/1.1" 200 2881 24
0:0:0:0:0:0:0:1 - - [04/Dec/2022:19:21:57 +0530] "GET /script.js HTTP/1.1" 200 2049 23
0:0:0:0:0:0:0:1 - - [04/Dec/2022:19:21:58 +0530] "GET /favicon.ico HTTP/1.1" 200 946 78
0:0:0:0:0:0:0:1 - - [04/Dec/2022:19:22:05 +0530] "GET /home HTTP/1.1" 302 - 100
0:0:0:0:0:0:0:1 - - [04/Dec/2022:19:22:05 +0530] "GET /Eedu/ HTTP/1.1" 200 3421 116
0:0:0:0:0:0:0:1 - - [04/Dec/2022:19:22:05 +0530] "GET /css/Estyle.css HTTP/1.1" 200 2722 12
0:0:0:0:0:0:0:1 - - [04/Dec/2022:19:22:07 +0530] "GET /Checkout/Buy/RAS HTTP/1.1" 200 2596 103
0:0:0:0:0:0:0:1 - - [04/Dec/2022:19:22:07 +0530] "GET /css/payment.css HTTP/1.1" 200 146825 22
0:0:0:0:0:0:0:1 - - [04/Dec/2022:19:22:07 +0530] "GET /Checkout/manual/view/getQRCode?code=upi%3A%2F%2Fpay%3Fpa%3D9982306229%40ybl%26am%3D230.0%26pn%3DAshok%2520Kumar%26cu%3DINR%26mode%3D02%26sign%3DQXNob2sgS3VtYXI%3D HTTP/1.1" 200 1204 221
0:0:0:0:0:0:0:1 - - [04/Dec/2022:19:22:15 +0530] "GET /Eedu/ HTTP/1.1" 200 3421 53
0:0:0:0:0:0:0:1 - - [04/Dec/2022:19:22:15 +0530] "GET /css/Estyle.css HTTP/1.1" 200 2722 14
0:0:0:0:0:0:0:1 - - [04/Dec/2022:19:22:17 +0530] "GET /Eedu/compitation/RAS HTTP/1.1" 200 18710 141
0:0:0:0:0:0:0:1 - - [04/Dec/2022:19:22:17 +0530] "GET /css/Estyle.css HTTP/1.1" 200 2722 26
0:0:0:0:0:0:0:1 - - [04/Dec/2022:19:22:18 +0530] "GET /file/showVideo/RAS/Polity HTTP/1.1" 200 31281 206
0:0:0:0:0:0:0:1 - - [04/Dec/2022:19:22:18 +0530] "GET /css/Estyle.css HTTP/1.1" 200 2722 9
0:0:0:0:0:0:0:1 - - [04/Dec/2022:19:22:19 +0530] "GET /file/watchVideo/1 HTTP/1.1" 200 339 29
0:0:0:0:0:0:0:1 - - [04/Dec/2022:19:22:19 +0530] "GET /file/showVideo/1 HTTP/1.1" 200 13942060 329
0:0:0:0:0:0:0:1 - - [04/Dec/2022:19:22:21 +0530] "GET /file/showVideo/RAS/Polity HTTP/1.1" 200 31281 138
0:0:0:0:0:0:0:1 - - [04/Dec/2022:19:22:21 +0530] "GET /css/Estyle.css HTTP/1.1" 200 2722 17
0:0:0:0:0:0:0:1 - - [04/Dec/2022:19:22:23 +0530] "GET /file/watchVideo/3 HTTP/1.1" 200 339 32
0:0:0:0:0:0:0:1 - - [04/Dec/2022:19:22:23 +0530] "GET /favicon.ico HTTP/1.1" 200 946 34
0:0:0:0:0:0:0:1 - - [04/Dec/2022:19:22:37 +0530] "GET /file/showVideo/RAS/Polity HTTP/1.1" 200 31281 198
0:0:0:0:0:0:0:1 - - [04/Dec/2022:19:22:37 +0530] "GET /file/showVideo/3 HTTP/1.1" 200 6806012 14382
0:0:0:0:0:0:0:1 - - [04/Dec/2022:19:22:37 +0530] "GET /css/Estyle.css HTTP/1.1" 200 2722 13
0:0:0:0:0:0:0:1 - - [04/Dec/2022:19:22:39 +0530] "GET /file/showPdf/1 HTTP/1.1" 200 4241905 787
0:0:0:0:0:0:0:1 - - [04/Dec/2022:19:22:43 +0530] "GET /file/showVideo/RAS/Polity HTTP/1.1" 200 31281 170
0:0:0:0:0:0:0:1 - - [04/Dec/2022:19:22:43 +0530] "GET /css/Estyle.css HTTP/1.1" 200 2722 10
0:0:0:0:0:0:0:1 - - [04/Dec/2022:19:22:47 +0530] "GET /file/watchVideo/13 HTTP/1.1" 200 340 36
0:0:0:0:0:0:0:1 - - [04/Dec/2022:19:22:47 +0530] "GET /file/showVideo/13 HTTP/1.1" 200 11221709 99
0:0:0:0:0:0:0:1 - - [04/Dec/2022:19:22:47 +0530] "GET /favicon.ico HTTP/1.1" 200 946 36
0:0:0:0:0:0:0:1 - - [04/Dec/2022:19:23:19 +0530] "GET /file/showVideo/RAS/Polity HTTP/1.1" 200 31281 207
0:0:0:0:0:0:0:1 - - [04/Dec/2022:19:23:19 +0530] "GET /css/Estyle.css HTTP/1.1" 200 2722 49
0:0:0:0:0:0:0:1 - - [04/Dec/2022:19:23:22 +0530] "GET /file/showPdf/13 HTTP/1.1" 200 14400696 608
0:0:0:0:0:0:0:1 - - [04/Dec/2022:19:23:26 +0530] "GET /file/showVideo/RAS/Polity HTTP/1.1" 200 31281 192
0:0:0:0:0:0:0:1 - - [04/Dec/2022:19:23:26 +0530] "GET /css/Estyle.css HTTP/1.1" 200 2722 21
0:0:0:0:0:0:0:1 - - [04/Dec/2022:19:23:30 +0530] "GET /file/showPdf/9 HTTP/1.1" 200 4241905 620
0:0:0:0:0:0:0:1 - - [04/Dec/2022:19:23:32 +0530] "GET /file/showVideo/RAS/Polity HTTP/1.1" 200 31281 182
0:0:0:0:0:0:0:1 - - [04/Dec/2022:19:23:32 +0530] "GET /css/Estyle.css HTTP/1.1" 200 2722 7
0:0:0:0:0:0:0:1 - - [04/Dec/2022:19:27:12 +0530] "GET /file/showPdf/3 HTTP/1.1" 200 14400696 706
0:0:0:0:0:0:0:1 - - [04/Dec/2022:19:27:14 +0530] "GET /file/showVideo/RAS/Polity HTTP/1.1" 200 31281 186
0:0:0:0:0:0:0:1 - - [04/Dec/2022:19:27:14 +0530] "GET /css/Estyle.css HTTP/1.1" 200 2722 25
0:0:0:0:0:0:0:1 - - [04/Dec/2022:19:27:14 +0530] "GET /file/watchVideo/3 HTTP/1.1" 200 339 57
0:0:0:0:0:0:0:1 - - [04/Dec/2022:19:27:15 +0530] "GET /favicon.ico HTTP/1.1" 200 946 14
0:0:0:0:0:0:0:1 - - [04/Dec/2022:19:27:16 +0530] "GET /file/showVideo/RAS/Polity HTTP/1.1" 200 31281 139
0:0:0:0:0:0:0:1 - - [04/Dec/2022:19:27:16 +0530] "GET /file/showVideo/3 HTTP/1.1" 200 6863412 1679
0:0:0:0:0:0:0:1 - - [04/Dec/2022:19:27:16 +0530] "GET /css/Estyle.css HTTP/1.1" 200 2722 17
0:0:0:0:0:0:0:1 - - [04/Dec/2022:19:27:17 +0530] "GET /file/watchVideo/8 HTTP/1.1" 200 339 32
0:0:0:0:0:0:0:1 - - [04/Dec/2022:19:27:18 +0530] "GET /file/showVideo/8 HTTP/1.1" 200 13942060 142
0:0:0:0:0:0:0:1 - - [04/Dec/2022:19:27:19 +0530] "GET /file/showVideo/RAS/Polity HTTP/1.1" 200 31281 110
0:0:0:0:0:0:0:1 - - [04/Dec/2022:19:27:19 +0530] "GET /css/Estyle.css HTTP/1.1" 200 2722 12
0:0:0:0:0:0:0:1 - - [04/Dec/2022:19:27:21 +0530] "GET /file/watchVideo/9 HTTP/1.1" 200 339 27
0:0:0:0:0:0:0:1 - - [04/Dec/2022:19:27:21 +0530] "GET /file/showVideo/9 HTTP/1.1" 200 13942060 102
0:0:0:0:0:0:0:1 - - [04/Dec/2022:19:27:23 +0530] "GET /file/showVideo/RAS/Polity HTTP/1.1" 200 31281 111
0:0:0:0:0:0:0:1 - - [04/Dec/2022:19:27:23 +0530] "GET /css/Estyle.css HTTP/1.1" 200 2722 7
0:0:0:0:0:0:0:1 - - [04/Dec/2022:19:27:30 +0530] "GET /Eedu/compitation/RAS HTTP/1.1" 200 18710 63
0:0:0:0:0:0:0:1 - - [04/Dec/2022:19:27:30 +0530] "GET /css/Estyle.css HTTP/1.1" 200 2722 14
0:0:0:0:0:0:0:1 - - [04/Dec/2022:19:27:34 +0530] "GET /Eedu/showQuiz/RAS/Polity/ HTTP/1.1" 200 26122 172
0:0:0:0:0:0:0:1 - - [04/Dec/2022:19:27:34 +0530] "GET /css/Estyle.css HTTP/1.1" 200 2722 21
0:0:0:0:0:0:0:1 - - [04/Dec/2022:19:27:37 +0530] "GET /Eedu/showScoreBoard/RAS/Polity/3/ HTTP/1.1" 200 6000 144
0:0:0:0:0:0:0:1 - - [04/Dec/2022:19:27:37 +0530] "GET /vendor/datatables/dataTables.bootstrap4.min.css HTTP/1.1" 200 5222 15
0:0:0:0:0:0:0:1 - - [04/Dec/2022:19:27:37 +0530] "GET /vendor/jquery-easing/jquery.easing.min.js HTTP/1.1" 200 2532 15
0:0:0:0:0:0:0:1 - - [04/Dec/2022:19:27:37 +0530] "GET /vendor/fontawesome-free/css/all.min.css HTTP/1.1" 200 68848 23
0:0:0:0:0:0:0:1 - - [04/Dec/2022:19:27:37 +0530] "GET /vendor/bootstrap/js/bootstrap.bundle.min.js HTTP/1.1" 200 78635 20
0:0:0:0:0:0:0:1 - - [04/Dec/2022:19:27:37 +0530] "GET /css/sb-admin-2.min.css HTTP/1.1" 200 256663 22
0:0:0:0:0:0:0:1 - - [04/Dec/2022:19:27:37 +0530] "GET /vendor/jquery/jquery.min.js HTTP/1.1" 200 86927 20
0:0:0:0:0:0:0:1 - - [04/Dec/2022:19:27:37 +0530] "GET /img/boy.png HTTP/1.1" 200 28020 41
0:0:0:0:0:0:0:1 - - [04/Dec/2022:19:27:37 +0530] "GET /js/sb-admin-2.min.js HTTP/1.1" 200 1106 47
0:0:0:0:0:0:0:1 - - [04/Dec/2022:19:27:37 +0530] "GET /js/template.js HTTP/1.1" 200 - 47
0:0:0:0:0:0:0:1 - - [04/Dec/2022:19:27:37 +0530] "GET /vendor/datatables/jquery.dataTables.min.js HTTP/1.1" 200 82411 41
0:0:0:0:0:0:0:1 - - [04/Dec/2022:19:27:37 +0530] "GET /js/demo/datatables-demo.js HTTP/1.1" 200 103 42
0:0:0:0:0:0:0:1 - - [04/Dec/2022:19:27:37 +0530] "GET /vendor/datatables/dataTables.bootstrap4.min.js HTTP/1.1" 200 2085 42
0:0:0:0:0:0:0:1 - - [04/Dec/2022:19:27:39 +0530] "GET /Eedu/showQuiz/RAS/Polity/ HTTP/1.1" 200 26122 86
0:0:0:0:0:0:0:1 - - [04/Dec/2022:19:27:39 +0530] "GET /css/Estyle.css HTTP/1.1" 200 2722 15
0:0:0:0:0:0:0:1 - - [04/Dec/2022:19:27:40 +0530] "GET /Eedu/startQuiz/RAS/Polity/3/ HTTP/1.1" 200 1252 75
0:0:0:0:0:0:0:1 - - [04/Dec/2022:19:27:40 +0530] "GET /css/quiz.css HTTP/1.1" 200 1244 12
0:0:0:0:0:0:0:1 - - [04/Dec/2022:19:27:41 +0530] "POST /Eedu/saveQuiz/RAS/Polity/3/ HTTP/1.1" 500 318 136
0:0:0:0:0:0:0:1 - - [04/Dec/2022:19:27:43 +0530] "GET /Eedu/startQuiz/RAS/Polity/3/ HTTP/1.1" 200 1252 49
0:0:0:0:0:0:0:1 - - [04/Dec/2022:19:27:43 +0530] "GET /css/quiz.css HTTP/1.1" 200 1244 5
0:0:0:0:0:0:0:1 - - [04/Dec/2022:19:27:44 +0530] "GET /Eedu/showQuiz/RAS/Polity/ HTTP/1.1" 200 26122 40
0:0:0:0:0:0:0:1 - - [04/Dec/2022:19:27:44 +0530] "GET /css/Estyle.css HTTP/1.1" 200 2722 12
0:0:0:0:0:0:0:1 - - [04/Dec/2022:19:27:45 +0530] "GET /Eedu/startQuiz/RAS/Polity/2/ HTTP/1.1" 200 1252 110
0:0:0:0:0:0:0:1 - - [04/Dec/2022:19:27:45 +0530] "GET /css/quiz.css HTTP/1.1" 200 1244 25
0:0:0:0:0:0:0:1 - - [04/Dec/2022:19:27:47 +0530] "GET /Eedu/showQuiz/RAS/Polity/ HTTP/1.1" 200 26122 64
0:0:0:0:0:0:0:1 - - [04/Dec/2022:19:27:47 +0530] "GET /css/Estyle.css HTTP/1.1" 200 2722 8
0:0:0:0:0:0:0:1 - - [04/Dec/2022:19:27:48 +0530] "GET /Eedu/startQuiz/RAS/Polity/1/ HTTP/1.1" 200 2029 77
0:0:0:0:0:0:0:1 - - [04/Dec/2022:19:27:48 +0530] "GET /css/quiz.css HTTP/1.1" 200 1244 9
0:0:0:0:0:0:0:1 - - [04/Dec/2022:19:27:51 +0530] "POST /Eedu/saveQuiz/RAS/Polity/1/ HTTP/1.1" 200 1691 154
0:0:0:0:0:0:0:1 - - [04/Dec/2022:19:27:51 +0530] "GET /css/SuccessStyle.css HTTP/1.1" 200 7068 8
0:0:0:0:0:0:0:1 - - [04/Dec/2022:19:27:51 +0530] "GET /js/SuccessJs.js HTTP/1.1" 200 107 8
0:0:0:0:0:0:0:1 - - [04/Dec/2022:19:27:54 +0530] "GET /Eedu/showQuiz/RAS/Polity/ HTTP/1.1" 200 26122 44
0:0:0:0:0:0:0:1 - - [04/Dec/2022:19:27:54 +0530] "GET /css/Estyle.css HTTP/1.1" 200 2722 5
0:0:0:0:0:0:0:1 - - [04/Dec/2022:19:27:57 +0530] "GET /Eedu/showScoreBoard/RAS/Polity/2/ HTTP/1.1" 200 6000 43
0:0:0:0:0:0:0:1 - - [04/Dec/2022:19:27:57 +0530] "GET /vendor/datatables/dataTables.bootstrap4.min.css HTTP/1.1" 200 5222 8
0:0:0:0:0:0:0:1 - - [04/Dec/2022:19:27:57 +0530] "GET /css/sb-admin-2.min.css HTTP/1.1" 200 256663 14
0:0:0:0:0:0:0:1 - - [04/Dec/2022:19:27:57 +0530] "GET /vendor/jquery/jquery.min.js HTTP/1.1" 200 86927 9
0:0:0:0:0:0:0:1 - - [04/Dec/2022:19:27:57 +0530] "GET /vendor/jquery-easing/jquery.easing.min.js HTTP/1.1" 200 2532 6
0:0:0:0:0:0:0:1 - - [04/Dec/2022:19:27:57 +0530] "GET /vendor/fontawesome-free/css/all.min.css HTTP/1.1" 200 68848 16
0:0:0:0:0:0:0:1 - - [04/Dec/2022:19:27:57 +0530] "GET /vendor/bootstrap/js/bootstrap.bundle.min.js HTTP/1.1" 200 78635 16
0:0:0:0:0:0:0:1 - - [04/Dec/2022:19:27:57 +0530] "GET /img/boy.png HTTP/1.1" 200 28020 26
0:0:0:0:0:0:0:1 - - [04/Dec/2022:19:27:57 +0530] "GET /vendor/datatables/dataTables.bootstrap4.min.js HTTP/1.1" 200 2085 27
0:0:0:0:0:0:0:1 - - [04/Dec/2022:19:27:57 +0530] "GET /js/demo/datatables-demo.js HTTP/1.1" 200 103 26
0:0:0:0:0:0:0:1 - - [04/Dec/2022:19:27:57 +0530] "GET /js/template.js HTTP/1.1" 200 - 26
0:0:0:0:0:0:0:1 - - [04/Dec/2022:19:27:57 +0530] "GET /js/sb-admin-2.min.js HTTP/1.1" 200 1106 26
0:0:0:0:0:0:0:1 - - [04/Dec/2022:19:27:57 +0530] "GET /vendor/datatables/jquery.dataTables.min.js HTTP/1.1" 200 82411 28
0:0:0:0:0:0:0:1 - - [04/Dec/2022:19:27:59 +0530] "GET /Eedu/showQuiz/RAS/Polity/ HTTP/1.1" 200 26122 30
0:0:0:0:0:0:0:1 - - [04/Dec/2022:19:27:59 +0530] "GET /css/Estyle.css HTTP/1.1" 200 2722 10
0:0:0:0:0:0:0:1 - - [04/Dec/2022:19:28:00 +0530] "GET /Eedu/showScoreBoard/RAS/Polity/1/ HTTP/1.1" 200 7160 72
0:0:0:0:0:0:0:1 - - [04/Dec/2022:19:28:00 +0530] "GET /vendor/fontawesome-free/css/all.min.css HTTP/1.1" 200 68848 18
0:0:0:0:0:0:0:1 - - [04/Dec/2022:19:28:00 +0530] "GET /vendor/bootstrap/js/bootstrap.bundle.min.js HTTP/1.1" 200 78635 16
0:0:0:0:0:0:0:1 - - [04/Dec/2022:19:28:00 +0530] "GET /css/sb-admin-2.min.css HTTP/1.1" 200 256663 19
0:0:0:0:0:0:0:1 - - [04/Dec/2022:19:28:00 +0530] "GET /vendor/datatables/dataTables.bootstrap4.min.css HTTP/1.1" 200 5222 22
0:0:0:0:0:0:0:1 - - [04/Dec/2022:19:28:00 +0530] "GET /vendor/jquery/jquery.min.js HTTP/1.1" 200 86927 21
0:0:0:0:0:0:0:1 - - [04/Dec/2022:19:28:00 +0530] "GET /vendor/jquery-easing/jquery.easing.min.js HTTP/1.1" 200 2532 20
0:0:0:0:0:0:0:1 - - [04/Dec/2022:19:28:00 +0530] "GET /vendor/datatables/jquery.dataTables.min.js HTTP/1.1" 200 82411 12
0:0:0:0:0:0:0:1 - - [04/Dec/2022:19:28:00 +0530] "GET /js/sb-admin-2.min.js HTTP/1.1" 200 1106 13
0:0:0:0:0:0:0:1 - - [04/Dec/2022:19:28:00 +0530] "GET /vendor/datatables/dataTables.bootstrap4.min.js HTTP/1.1" 200 2085 9
0:0:0:0:0:0:0:1 - - [04/Dec/2022:19:28:00 +0530] "GET /img/boy.png HTTP/1.1" 200 28020 9
0:0:0:0:0:0:0:1 - - [04/Dec/2022:19:28:00 +0530] "GET /js/demo/datatables-demo.js HTTP/1.1" 200 103 9
0:0:0:0:0:0:0:1 - - [04/Dec/2022:19:28:00 +0530] "GET /js/template.js HTTP/1.1" 200 - 14
0:0:0:0:0:0:0:1 - - [04/Dec/2022:19:28:09 +0530] "GET /Eedu/showQuiz/RAS/Polity/ HTTP/1.1" 200 26122 159
0:0:0:0:0:0:0:1 - - [04/Dec/2022:19:28:09 +0530] "GET /css/Estyle.css HTTP/1.1" 200 2722 16
0:0:0:0:0:0:0:1 - - [04/Dec/2022:19:28:12 +0530] "GET /Eedu/startQuiz/RAS/Polity/1/ HTTP/1.1" 200 358 76
0:0:0:0:0:0:0:1 - - [04/Dec/2022:19:28:13 +0530] "GET /Eedu/showQuiz/RAS/Polity/ HTTP/1.1" 200 26122 61
0:0:0:0:0:0:0:1 - - [04/Dec/2022:19:28:13 +0530] "GET /css/Estyle.css HTTP/1.1" 200 2722 20
0:0:0:0:0:0:0:1 - - [04/Dec/2022:19:28:14 +0530] "GET /Eedu/compitation/RAS HTTP/1.1" 200 18710 80
0:0:0:0:0:0:0:1 - - [04/Dec/2022:19:28:14 +0530] "GET /css/Estyle.css HTTP/1.1" 200 2722 7
0:0:0:0:0:0:0:1 - - [04/Dec/2022:19:28:18 +0530] "GET /Admin/ HTTP/1.1" 200 17402 55
0:0:0:0:0:0:0:1 - - [04/Dec/2022:19:28:18 +0530] "GET /css/Estyle.css HTTP/1.1" 200 2722 8
0:0:0:0:0:0:0:1 - - [04/Dec/2022:19:28:20 +0530] "GET /Admin/compitation/RAS HTTP/1.1" 200 8456 46
0:0:0:0:0:0:0:1 - - [04/Dec/2022:19:28:20 +0530] "GET /css/Estyle.css HTTP/1.1" 200 2722 7
0:0:0:0:0:0:0:1 - - [04/Dec/2022:19:28:21 +0530] "GET /file/upload/RAS/Polity HTTP/1.1" 200 6894 66
0:0:0:0:0:0:0:1 - - [04/Dec/2022:19:28:21 +0530] "GET /css/sb-admin-2.min.css HTTP/1.1" 200 256663 12
0:0:0:0:0:0:0:1 - - [04/Dec/2022:19:28:21 +0530] "GET /vendor/jquery-easing/jquery.easing.min.js HTTP/1.1" 200 2532 10
0:0:0:0:0:0:0:1 - - [04/Dec/2022:19:28:21 +0530] "GET /vendor/bootstrap/js/bootstrap.bundle.min.js HTTP/1.1" 200 78635 11
0:0:0:0:0:0:0:1 - - [04/Dec/2022:19:28:21 +0530] "GET /vendor/jquery/jquery.min.js HTTP/1.1" 200 86927 25
0:0:0:0:0:0:0:1 - - [04/Dec/2022:19:28:21 +0530] "GET /vendor/datatables/dataTables.bootstrap4.min.css HTTP/1.1" 200 5222 25
0:0:0:0:0:0:0:1 - - [04/Dec/2022:19:28:21 +0530] "GET /vendor/fontawesome-free/css/all.min.css HTTP/1.1" 200 68848 27
0:0:0:0:0:0:0:1 - - [04/Dec/2022:19:28:21 +0530] "GET /js/sb-admin-2.min.js HTTP/1.1" 200 1106 27
0:0:0:0:0:0:0:1 - - [04/Dec/2022:19:28:21 +0530] "GET /vendor/datatables/dataTables.bootstrap4.min.js HTTP/1.1" 200 2085 14
0:0:0:0:0:0:0:1 - - [04/Dec/2022:19:28:21 +0530] "GET /js/demo/datatables-demo.js HTTP/1.1" 200 103 14
0:0:0:0:0:0:0:1 - - [04/Dec/2022:19:28:21 +0530] "GET /js/template.js HTTP/1.1" 200 - 27
0:0:0:0:0:0:0:1 - - [04/Dec/2022:19:28:21 +0530] "GET /vendor/datatables/jquery.dataTables.min.js HTTP/1.1" 200 82411 27
0:0:0:0:0:0:0:1 - - [04/Dec/2022:19:28:21 +0530] "GET /vendor/fontawesome-free/webfonts/fa-solid-900.woff2 HTTP/1.1" 200 74348 11
0:0:0:0:0:0:0:1 - - [04/Dec/2022:19:28:29 +0530] "GET /Admin/compitation/RAS HTTP/1.1" 200 8456 46
0:0:0:0:0:0:0:1 - - [04/Dec/2022:19:28:29 +0530] "GET /css/Estyle.css HTTP/1.1" 200 2722 7
0:0:0:0:0:0:0:1 - - [04/Dec/2022:19:28:31 +0530] "GET /file/upload/RAS/English HTTP/1.1" 200 6895 46
0:0:0:0:0:0:0:1 - - [04/Dec/2022:19:28:31 +0530] "GET /vendor/jquery-easing/jquery.easing.min.js HTTP/1.1" 200 2532 10
0:0:0:0:0:0:0:1 - - [04/Dec/2022:19:28:31 +0530] "GET /vendor/datatables/dataTables.bootstrap4.min.css HTTP/1.1" 200 5222 11
0:0:0:0:0:0:0:1 - - [04/Dec/2022:19:28:31 +0530] "GET /vendor/fontawesome-free/css/all.min.css HTTP/1.1" 200 68848 11
0:0:0:0:0:0:0:1 - - [04/Dec/2022:19:28:31 +0530] "GET /css/sb-admin-2.min.css HTTP/1.1" 200 256663 12
0:0:0:0:0:0:0:1 - - [04/Dec/2022:19:28:31 +0530] "GET /vendor/bootstrap/js/bootstrap.bundle.min.js HTTP/1.1" 200 78635 11
0:0:0:0:0:0:0:1 - - [04/Dec/2022:19:28:31 +0530] "GET /vendor/jquery/jquery.min.js HTTP/1.1" 200 86927 12
0:0:0:0:0:0:0:1 - - [04/Dec/2022:19:28:31 +0530] "GET /js/template.js HTTP/1.1" 200 - 28
0:0:0:0:0:0:0:1 - - [04/Dec/2022:19:28:31 +0530] "GET /js/demo/datatables-demo.js HTTP/1.1" 200 103 27
0:0:0:0:0:0:0:1 - - [04/Dec/2022:19:28:31 +0530] "GET /js/sb-admin-2.min.js HTTP/1.1" 200 1106 33
0:0:0:0:0:0:0:1 - - [04/Dec/2022:19:28:31 +0530] "GET /vendor/fontawesome-free/webfonts/fa-solid-900.woff2 HTTP/1.1" 200 74348 19
0:0:0:0:0:0:0:1 - - [04/Dec/2022:19:28:31 +0530] "GET /vendor/datatables/dataTables.bootstrap4.min.js HTTP/1.1" 200 2085 31
0:0:0:0:0:0:0:1 - - [04/Dec/2022:19:28:31 +0530] "GET /vendor/datatables/jquery.dataTables.min.js HTTP/1.1" 200 82411 33
0:0:0:0:0:0:0:1 - - [04/Dec/2022:19:28:39 +0530] "POST /file/uploadFile/RAS/English HTTP/1.1" 200 6961 979
0:0:0:0:0:0:0:1 - - [04/Dec/2022:19:28:39 +0530] "GET /vendor/jquery-easing/jquery.easing.min.js HTTP/1.1" 200 2532 90
0:0:0:0:0:0:0:1 - - [04/Dec/2022:19:28:39 +0530] "GET /vendor/fontawesome-free/css/all.min.css HTTP/1.1" 200 68848 126
0:0:0:0:0:0:0:1 - - [04/Dec/2022:19:28:39 +0530] "GET /vendor/jquery/jquery.min.js HTTP/1.1" 200 86927 125
0:0:0:0:0:0:0:1 - - [04/Dec/2022:19:28:39 +0530] "GET /css/sb-admin-2.min.css HTTP/1.1" 200 256663 126
0:0:0:0:0:0:0:1 - - [04/Dec/2022:19:28:39 +0530] "GET /vendor/bootstrap/js/bootstrap.bundle.min.js HTTP/1.1" 200 78635 125
0:0:0:0:0:0:0:1 - - [04/Dec/2022:19:28:39 +0530] "GET /vendor/datatables/dataTables.bootstrap4.min.css HTTP/1.1" 200 5222 126
0:0:0:0:0:0:0:1 - - [04/Dec/2022:19:28:39 +0530] "GET /js/sb-admin-2.min.js HTTP/1.1" 200 1106 51
0:0:0:0:0:0:0:1 - - [04/Dec/2022:19:28:39 +0530] "GET /js/template.js HTTP/1.1" 200 - 51
0:0:0:0:0:0:0:1 - - [04/Dec/2022:19:28:39 +0530] "GET /vendor/datatables/dataTables.bootstrap4.min.js HTTP/1.1" 200 2085 50
0:0:0:0:0:0:0:1 - - [04/Dec/2022:19:28:39 +0530] "GET /js/demo/datatables-demo.js HTTP/1.1" 200 103 50
0:0:0:0:0:0:0:1 - - [04/Dec/2022:19:28:39 +0530] "GET /vendor/datatables/jquery.dataTables.min.js HTTP/1.1" 200 82411 54
0:0:0:0:0:0:0:1 - - [04/Dec/2022:19:28:39 +0530] "GET /vendor/fontawesome-free/webfonts/fa-solid-900.woff2 HTTP/1.1" 200 74348 51
0:0:0:0:0:0:0:1 - - [04/Dec/2022:19:28:56 +0530] "POST /file/uploadFile/RAS/English HTTP/1.1" 200 6960 735
0:0:0:0:0:0:0:1 - - [04/Dec/2022:19:28:56 +0530] "GET /vendor/datatables/dataTables.bootstrap4.min.css HTTP/1.1" 200 5222 55
0:0:0:0:0:0:0:1 - - [04/Dec/2022:19:28:56 +0530] "GET /vendor/jquery/jquery.min.js HTTP/1.1" 200 86927 55
0:0:0:0:0:0:0:1 - - [04/Dec/2022:19:28:56 +0530] "GET /css/sb-admin-2.min.css HTTP/1.1" 200 256663 55
0:0:0:0:0:0:0:1 - - [04/Dec/2022:19:28:56 +0530] "GET /vendor/fontawesome-free/css/all.min.css HTTP/1.1" 200 68848 55
0:0:0:0:0:0:0:1 - - [04/Dec/2022:19:28:56 +0530] "GET /vendor/bootstrap/js/bootstrap.bundle.min.js HTTP/1.1" 200 78635 55
0:0:0:0:0:0:0:1 - - [04/Dec/2022:19:28:56 +0530] "GET /vendor/jquery-easing/jquery.easing.min.js HTTP/1.1" 200 2532 23
0:0:0:0:0:0:0:1 - - [04/Dec/2022:19:28:56 +0530] "GET /vendor/datatables/dataTables.bootstrap4.min.js HTTP/1.1" 200 2085 17
0:0:0:0:0:0:0:1 - - [04/Dec/2022:19:28:56 +0530] "GET /vendor/datatables/jquery.dataTables.min.js HTTP/1.1" 200 82411 17
0:0:0:0:0:0:0:1 - - [04/Dec/2022:19:28:56 +0530] "GET /js/demo/datatables-demo.js HTTP/1.1" 200 103 17
0:0:0:0:0:0:0:1 - - [04/Dec/2022:19:28:56 +0530] "GET /js/template.js HTTP/1.1" 200 - 17
0:0:0:0:0:0:0:1 - - [04/Dec/2022:19:28:56 +0530] "GET /js/sb-admin-2.min.js HTTP/1.1" 200 1106 17
0:0:0:0:0:0:0:1 - - [04/Dec/2022:19:28:56 +0530] "GET /vendor/fontawesome-free/webfonts/fa-solid-900.woff2 HTTP/1.1" 200 74348 22
0:0:0:0:0:0:0:1 - - [04/Dec/2022:19:29:01 +0530] "GET /file/upload/RAS/English HTTP/1.1" 200 6895 108
0:0:0:0:0:0:0:1 - - [04/Dec/2022:19:29:01 +0530] "GET /vendor/datatables/dataTables.bootstrap4.min.css HTTP/1.1" 200 5222 20
0:0:0:0:0:0:0:1 - - [04/Dec/2022:19:29:01 +0530] "GET /vendor/jquery-easing/jquery.easing.min.js HTTP/1.1" 200 2532 19
0:0:0:0:0:0:0:1 - - [04/Dec/2022:19:29:01 +0530] "GET /vendor/jquery/jquery.min.js HTTP/1.1" 200 86927 19
0:0:0:0:0:0:0:1 - - [04/Dec/2022:19:29:01 +0530] "GET /vendor/bootstrap/js/bootstrap.bundle.min.js HTTP/1.1" 200 78635 19
0:0:0:0:0:0:0:1 - - [04/Dec/2022:19:29:01 +0530] "GET /css/sb-admin-2.min.css HTTP/1.1" 200 256663 16
0:0:0:0:0:0:0:1 - - [04/Dec/2022:19:29:01 +0530] "GET /vendor/fontawesome-free/css/all.min.css HTTP/1.1" 200 68848 22
0:0:0:0:0:0:0:1 - - [04/Dec/2022:19:29:01 +0530] "GET /js/template.js HTTP/1.1" 200 - 11
0:0:0:0:0:0:0:1 - - [04/Dec/2022:19:29:01 +0530] "GET /vendor/datatables/dataTables.bootstrap4.min.js HTTP/1.1" 200 2085 11
0:0:0:0:0:0:0:1 - - [04/Dec/2022:19:29:01 +0530] "GET /vendor/datatables/jquery.dataTables.min.js HTTP/1.1" 200 82411 9
0:0:0:0:0:0:0:1 - - [04/Dec/2022:19:29:01 +0530] "GET /js/sb-admin-2.min.js HTTP/1.1" 200 1106 11
0:0:0:0:0:0:0:1 - - [04/Dec/2022:19:29:01 +0530] "GET /js/demo/datatables-demo.js HTTP/1.1" 200 103 10
0:0:0:0:0:0:0:1 - - [04/Dec/2022:19:29:01 +0530] "GET /vendor/fontawesome-free/webfonts/fa-solid-900.woff2 HTTP/1.1" 200 74348 7
0:0:0:0:0:0:0:1 - - [04/Dec/2022:19:29:02 +0530] "GET /Admin/compitation/RAS HTTP/1.1" 200 8456 84
0:0:0:0:0:0:0:1 - - [04/Dec/2022:19:29:02 +0530] "GET /css/Estyle.css HTTP/1.1" 200 2722 10
0:0:0:0:0:0:0:1 - - [04/Dec/2022:19:29:06 +0530] "GET /Admin/createQuiz/RAS/Polity HTTP/1.1" 200 14757 174
0:0:0:0:0:0:0:1 - - [04/Dec/2022:19:29:07 +0530] "GET /js/sb-admin-2.min.js HTTP/1.1" 200 1106 27
0:0:0:0:0:0:0:1 - - [04/Dec/2022:19:29:07 +0530] "GET /css/sb-admin-2.min.css HTTP/1.1" 200 256663 28
0:0:0:0:0:0:0:1 - - [04/Dec/2022:19:29:07 +0530] "GET /vendor/fontawesome-free/css/all.min.css HTTP/1.1" 200 68848 29
0:0:0:0:0:0:0:1 - - [04/Dec/2022:19:29:07 +0530] "GET /vendor/jquery/jquery.min.js HTTP/1.1" 200 86927 31
0:0:0:0:0:0:0:1 - - [04/Dec/2022:19:29:07 +0530] "GET /vendor/jquery-easing/jquery.easing.min.js HTTP/1.1" 200 2532 31
0:0:0:0:0:0:0:1 - - [04/Dec/2022:19:29:07 +0530] "GET /vendor/bootstrap/js/bootstrap.bundle.min.js HTTP/1.1" 200 78635 32
0:0:0:0:0:0:0:1 - - [04/Dec/2022:19:29:07 +0530] "GET /js/template.js HTTP/1.1" 200 - 19
0:0:0:0:0:0:0:1 - - [04/Dec/2022:19:29:09 +0530] "GET /Admin/compitation/RAS HTTP/1.1" 200 8456 41
0:0:0:0:0:0:0:1 - - [04/Dec/2022:19:29:09 +0530] "GET /css/Estyle.css HTTP/1.1" 200 2722 6
0:0:0:0:0:0:0:1 - - [04/Dec/2022:19:29:11 +0530] "GET /file/upload/RAS/Polity HTTP/1.1" 200 6894 44
0:0:0:0:0:0:0:1 - - [04/Dec/2022:19:29:11 +0530] "GET /vendor/fontawesome-free/css/all.min.css HTTP/1.1" 200 68848 5
0:0:0:0:0:0:0:1 - - [04/Dec/2022:19:29:11 +0530] "GET /vendor/jquery/jquery.min.js HTTP/1.1" 200 86927 5
0:0:0:0:0:0:0:1 - - [04/Dec/2022:19:29:11 +0530] "GET /vendor/datatables/dataTables.bootstrap4.min.css HTTP/1.1" 200 5222 7
0:0:0:0:0:0:0:1 - - [04/Dec/2022:19:29:11 +0530] "GET /css/sb-admin-2.min.css HTTP/1.1" 200 256663 7
0:0:0:0:0:0:0:1 - - [04/Dec/2022:19:29:11 +0530] "GET /vendor/jquery-easing/jquery.easing.min.js HTTP/1.1" 200 2532 7
0:0:0:0:0:0:0:1 - - [04/Dec/2022:19:29:11 +0530] "GET /vendor/bootstrap/js/bootstrap.bundle.min.js HTTP/1.1" 200 78635 10
0:0:0:0:0:0:0:1 - - [04/Dec/2022:19:29:11 +0530] "GET /js/template.js HTTP/1.1" 200 - 8
0:0:0:0:0:0:0:1 - - [04/Dec/2022:19:29:11 +0530] "GET /js/sb-admin-2.min.js HTTP/1.1" 200 1106 8
0:0:0:0:0:0:0:1 - - [04/Dec/2022:19:29:11 +0530] "GET /js/demo/datatables-demo.js HTTP/1.1" 200 103 8
0:0:0:0:0:0:0:1 - - [04/Dec/2022:19:29:11 +0530] "GET /vendor/datatables/jquery.dataTables.min.js HTTP/1.1" 200 82411 22
0:0:0:0:0:0:0:1 - - [04/Dec/2022:19:29:11 +0530] "GET /vendor/datatables/dataTables.bootstrap4.min.js HTTP/1.1" 200 2085 22
0:0:0:0:0:0:0:1 - - [04/Dec/2022:19:29:11 +0530] "GET /vendor/fontawesome-free/webfonts/fa-solid-900.woff2 HTTP/1.1" 200 74348 12
0:0:0:0:0:0:0:1 - - [04/Dec/2022:19:29:12 +0530] "GET /Admin/compitation/RAS HTTP/1.1" 200 8456 49
0:0:0:0:0:0:0:1 - - [04/Dec/2022:19:29:13 +0530] "GET /css/Estyle.css HTTP/1.1" 200 2722 13
0:0:0:0:0:0:0:1 - - [04/Dec/2022:19:29:16 +0530] "GET /Admin/ HTTP/1.1" 200 17402 36
0:0:0:0:0:0:0:1 - - [04/Dec/2022:19:29:16 +0530] "GET /css/Estyle.css HTTP/1.1" 200 2722 8
0:0:0:0:0:0:0:1 - - [04/Dec/2022:19:29:17 +0530] "GET /Eedu/compitation/RAS HTTP/1.1" 200 18710 48
0:0:0:0:0:0:0:1 - - [04/Dec/2022:19:29:17 +0530] "GET /css/Estyle.css HTTP/1.1" 200 2722 8
0:0:0:0:0:0:0:1 - - [04/Dec/2022:19:29:21 +0530] "GET /Eedu/ HTTP/1.1" 200 3421 38
0:0:0:0:0:0:0:1 - - [04/Dec/2022:19:29:21 +0530] "GET /css/Estyle.css HTTP/1.1" 200 2722 5
0:0:0:0:0:0:0:1 - - [04/Dec/2022:19:29:22 +0530] "GET /Checkout/Buy/RAS HTTP/1.1" 200 2596 64
0:0:0:0:0:0:0:1 - - [04/Dec/2022:19:29:22 +0530] "GET /css/payment.css HTTP/1.1" 200 146825 21
0:0:0:0:0:0:0:1 - - [04/Dec/2022:19:29:22 +0530] "GET /Checkout/manual/view/getQRCode?code=upi%3A%2F%2Fpay%3Fpa%3D9982306229%40ybl%26am%3D230.0%26pn%3DAshok%2520Kumar%26cu%3DINR%26mode%3D02%26sign%3DQXNob2sgS3VtYXI%3D HTTP/1.1" 200 1204 89
0:0:0:0:0:0:0:1 - - [04/Dec/2022:19:42:21 +0530] "GET /Checkout/Buy/RAS HTTP/1.1" 200 2596 132
0:0:0:0:0:0:0:1 - - [04/Dec/2022:19:42:21 +0530] "GET /css/payment.css HTTP/1.1" 200 146825 15
0:0:0:0:0:0:0:1 - - [04/Dec/2022:19:42:21 +0530] "GET /Checkout/manual/view/getQRCode?code=upi%3A%2F%2Fpay%3Fpa%3D9982306229%40ybl%26am%3D230.0%26pn%3DAshok%2520Kumar%26cu%3DINR%26mode%3D02%26sign%3DQXNob2sgS3VtYXI%3D HTTP/1.1" 200 1204 49
0:0:0:0:0:0:0:1 - - [04/Dec/2022:19:42:22 +0530] "GET /favicon.ico HTTP/1.1" 200 946 33
0:0:0:0:0:0:0:1 - - [04/Dec/2022:19:42:26 +0530] "GET /Eedu/ HTTP/1.1" 200 3421 45
0:0:0:0:0:0:0:1 - - [04/Dec/2022:19:42:26 +0530] "GET /css/Estyle.css HTTP/1.1" 200 2722 9
0:0:0:0:0:0:0:1 - - [04/Dec/2022:19:42:28 +0530] "GET /Eedu/compitation/RAS HTTP/1.1" 200 18710 64
0:0:0:0:0:0:0:1 - - [04/Dec/2022:19:42:28 +0530] "GET /css/Estyle.css HTTP/1.1" 200 2722 8
0:0:0:0:0:0:0:1 - - [04/Dec/2022:19:42:30 +0530] "GET /file/showVideo/RAS/Polity HTTP/1.1" 200 31281 229
0:0:0:0:0:0:0:1 - - [04/Dec/2022:19:42:30 +0530] "GET /css/Estyle.css HTTP/1.1" 200 2722 6
0:0:0:0:0:0:0:1 - - [04/Dec/2022:19:42:33 +0530] "GET /Eedu/compitation/RAS HTTP/1.1" 200 18710 44
0:0:0:0:0:0:0:1 - - [04/Dec/2022:19:42:33 +0530] "GET /css/Estyle.css HTTP/1.1" 200 2722 5
0:0:0:0:0:0:0:1 - - [04/Dec/2022:19:42:35 +0530] "GET /file/showVideo/RAS/Polity HTTP/1.1" 200 31281 179
0:0:0:0:0:0:0:1 - - [04/Dec/2022:19:42:35 +0530] "GET /css/Estyle.css HTTP/1.1" 200 2722 13
0:0:0:0:0:0:0:1 - - [04/Dec/2022:19:42:38 +0530] "GET /Eedu/compitation/RAS HTTP/1.1" 200 18710 97
0:0:0:0:0:0:0:1 - - [04/Dec/2022:19:42:38 +0530] "GET /css/Estyle.css HTTP/1.1" 200 2722 14
0:0:0:0:0:0:0:1 - - [04/Dec/2022:19:42:39 +0530] "GET /Eedu/showQuiz/RAS/Polity/ HTTP/1.1" 200 26122 98
0:0:0:0:0:0:0:1 - - [04/Dec/2022:19:42:39 +0530] "GET /css/Estyle.css HTTP/1.1" 200 2722 32
0:0:0:0:0:0:0:1 - - [04/Dec/2022:19:42:41 +0530] "GET /Eedu/startQuiz/RAS/Polity/3/ HTTP/1.1" 200 1252 101
0:0:0:0:0:0:0:1 - - [04/Dec/2022:19:42:41 +0530] "GET /css/quiz.css HTTP/1.1" 200 1244 21
0:0:0:0:0:0:0:1 - - [04/Dec/2022:19:42:42 +0530] "POST /Eedu/saveQuiz/RAS/Polity/3/ HTTP/1.1" 500 318 128
0:0:0:0:0:0:0:1 - - [04/Dec/2022:19:42:44 +0530] "GET /Eedu/startQuiz/RAS/Polity/3/ HTTP/1.1" 200 1252 117
0:0:0:0:0:0:0:1 - - [04/Dec/2022:19:42:44 +0530] "GET /css/quiz.css HTTP/1.1" 200 1244 13
0:0:0:0:0:0:0:1 - - [04/Dec/2022:19:42:48 +0530] "GET /Eedu/showQuiz/RAS/Polity/ HTTP/1.1" 200 26122 42
0:0:0:0:0:0:0:1 - - [04/Dec/2022:19:42:48 +0530] "GET /css/Estyle.css HTTP/1.1" 200 2722 7
0:0:0:0:0:0:0:1 - - [04/Dec/2022:19:42:50 +0530] "GET /Eedu/startQuiz/RAS/Polity/2/ HTTP/1.1" 200 1252 50
0:0:0:0:0:0:0:1 - - [04/Dec/2022:19:42:50 +0530] "GET /css/quiz.css HTTP/1.1" 200 1244 7
0:0:0:0:0:0:0:1 - - [04/Dec/2022:19:42:52 +0530] "GET /Eedu/showQuiz/RAS/Polity/ HTTP/1.1" 200 26122 44
0:0:0:0:0:0:0:1 - - [04/Dec/2022:19:42:52 +0530] "GET /css/Estyle.css HTTP/1.1" 200 2722 8
0:0:0:0:0:0:0:1 - - [04/Dec/2022:19:43:01 +0530] "GET /Eedu/showScoreBoard/RAS/Polity/3/ HTTP/1.1" 200 6000 79
0:0:0:0:0:0:0:1 - - [04/Dec/2022:19:43:01 +0530] "GET /vendor/jquery/jquery.min.js HTTP/1.1" 200 86927 13
0:0:0:0:0:0:0:1 - - [04/Dec/2022:19:43:01 +0530] "GET /css/sb-admin-2.min.css HTTP/1.1" 200 256663 16
0:0:0:0:0:0:0:1 - - [04/Dec/2022:19:43:01 +0530] "GET /vendor/fontawesome-free/css/all.min.css HTTP/1.1" 200 68848 22
0:0:0:0:0:0:0:1 - - [04/Dec/2022:19:43:01 +0530] "GET /vendor/datatables/dataTables.bootstrap4.min.css HTTP/1.1" 200 5222 21
0:0:0:0:0:0:0:1 - - [04/Dec/2022:19:43:01 +0530] "GET /vendor/bootstrap/js/bootstrap.bundle.min.js HTTP/1.1" 200 78635 22
0:0:0:0:0:0:0:1 - - [04/Dec/2022:19:43:01 +0530] "GET /vendor/jquery-easing/jquery.easing.min.js HTTP/1.1" 200 2532 14
0:0:0:0:0:0:0:1 - - [04/Dec/2022:19:43:01 +0530] "GET /vendor/datatables/jquery.dataTables.min.js HTTP/1.1" 200 82411 16
0:0:0:0:0:0:0:1 - - [04/Dec/2022:19:43:01 +0530] "GET /js/demo/datatables-demo.js HTTP/1.1" 200 103 15
0:0:0:0:0:0:0:1 - - [04/Dec/2022:19:43:01 +0530] "GET /js/template.js HTTP/1.1" 200 - 22
0:0:0:0:0:0:0:1 - - [04/Dec/2022:19:43:01 +0530] "GET /img/boy.png HTTP/1.1" 200 28020 14
0:0:0:0:0:0:0:1 - - [04/Dec/2022:19:43:01 +0530] "GET /js/sb-admin-2.min.js HTTP/1.1" 200 1106 25
0:0:0:0:0:0:0:1 - - [04/Dec/2022:19:43:01 +0530] "GET /vendor/datatables/dataTables.bootstrap4.min.js HTTP/1.1" 200 2085 19
0:0:0:0:0:0:0:1 - - [04/Dec/2022:19:43:03 +0530] "GET /Eedu/showQuiz/RAS/Polity/ HTTP/1.1" 200 26122 64
0:0:0:0:0:0:0:1 - - [04/Dec/2022:19:43:03 +0530] "GET /css/Estyle.css HTTP/1.1" 200 2722 16
0:0:0:0:0:0:0:1 - - [04/Dec/2022:19:43:04 +0530] "GET /Eedu/showScoreBoard/RAS/Polity/2/ HTTP/1.1" 200 6000 49
0:0:0:0:0:0:0:1 - - [04/Dec/2022:19:43:04 +0530] "GET /vendor/bootstrap/js/bootstrap.bundle.min.js HTTP/1.1" 200 78635 13
0:0:0:0:0:0:0:1 - - [04/Dec/2022:19:43:04 +0530] "GET /vendor/jquery/jquery.min.js HTTP/1.1" 200 86927 16
0:0:0:0:0:0:0:1 - - [04/Dec/2022:19:43:04 +0530] "GET /vendor/fontawesome-free/css/all.min.css HTTP/1.1" 200 68848 36
0:0:0:0:0:0:0:1 - - [04/Dec/2022:19:43:04 +0530] "GET /vendor/jquery-easing/jquery.easing.min.js HTTP/1.1" 200 2532 25
0:0:0:0:0:0:0:1 - - [04/Dec/2022:19:43:04 +0530] "GET /css/sb-admin-2.min.css HTTP/1.1" 200 256663 33
0:0:0:0:0:0:0:1 - - [04/Dec/2022:19:43:04 +0530] "GET /vendor/datatables/dataTables.bootstrap4.min.css HTTP/1.1" 200 5222 25
0:0:0:0:0:0:0:1 - - [04/Dec/2022:19:43:04 +0530] "GET /js/template.js HTTP/1.1" 200 - 5
0:0:0:0:0:0:0:1 - - [04/Dec/2022:19:43:04 +0530] "GET /js/demo/datatables-demo.js HTTP/1.1" 200 103 4
0:0:0:0:0:0:0:1 - - [04/Dec/2022:19:43:04 +0530] "GET /vendor/datatables/jquery.dataTables.min.js HTTP/1.1" 200 82411 4
0:0:0:0:0:0:0:1 - - [04/Dec/2022:19:43:04 +0530] "GET /js/sb-admin-2.min.js HTTP/1.1" 200 1106 5
0:0:0:0:0:0:0:1 - - [04/Dec/2022:19:43:04 +0530] "GET /img/boy.png HTTP/1.1" 200 28020 4
0:0:0:0:0:0:0:1 - - [04/Dec/2022:19:43:04 +0530] "GET /vendor/datatables/dataTables.bootstrap4.min.js HTTP/1.1" 200 2085 5
0:0:0:0:0:0:0:1 - - [04/Dec/2022:19:43:06 +0530] "GET /Eedu/showQuiz/RAS/Polity/ HTTP/1.1" 200 26122 107
0:0:0:0:0:0:0:1 - - [04/Dec/2022:19:43:06 +0530] "GET /css/Estyle.css HTTP/1.1" 200 2722 18
0:0:0:0:0:0:0:1 - - [04/Dec/2022:19:43:08 +0530] "GET /Eedu/showScoreBoard/RAS/Polity/1/ HTTP/1.1" 200 7160 150
0:0:0:0:0:0:0:1 - - [04/Dec/2022:19:43:08 +0530] "GET /vendor/datatables/dataTables.bootstrap4.min.css HTTP/1.1" 200 5222 26
0:0:0:0:0:0:0:1 - - [04/Dec/2022:19:43:08 +0530] "GET /vendor/jquery-easing/jquery.easing.min.js HTTP/1.1" 200 2532 26
0:0:0:0:0:0:0:1 - - [04/Dec/2022:19:43:08 +0530] "GET /css/sb-admin-2.min.css HTTP/1.1" 200 256663 27
0:0:0:0:0:0:0:1 - - [04/Dec/2022:19:43:08 +0530] "GET /vendor/fontawesome-free/css/all.min.css HTTP/1.1" 200 68848 27
0:0:0:0:0:0:0:1 - - [04/Dec/2022:19:43:08 +0530] "GET /vendor/bootstrap/js/bootstrap.bundle.min.js HTTP/1.1" 200 78635 26
0:0:0:0:0:0:0:1 - - [04/Dec/2022:19:43:08 +0530] "GET /vendor/jquery/jquery.min.js HTTP/1.1" 200 86927 27
0:0:0:0:0:0:0:1 - - [04/Dec/2022:19:43:08 +0530] "GET /vendor/datatables/dataTables.bootstrap4.min.js HTTP/1.1" 200 2085 22
0:0:0:0:0:0:0:1 - - [04/Dec/2022:19:43:08 +0530] "GET /img/boy.png HTTP/1.1" 200 28020 22
0:0:0:0:0:0:0:1 - - [04/Dec/2022:19:43:08 +0530] "GET /js/demo/datatables-demo.js HTTP/1.1" 200 103 23
0:0:0:0:0:0:0:1 - - [04/Dec/2022:19:43:08 +0530] "GET /js/template.js HTTP/1.1" 200 - 22
0:0:0:0:0:0:0:1 - - [04/Dec/2022:19:43:08 +0530] "GET /vendor/datatables/jquery.dataTables.min.js HTTP/1.1" 200 82411 24
0:0:0:0:0:0:0:1 - - [04/Dec/2022:19:43:08 +0530] "GET /js/sb-admin-2.min.js HTTP/1.1" 200 1106 24
0:0:0:0:0:0:0:1 - - [04/Dec/2022:19:43:11 +0530] "GET /Eedu/showQuiz/RAS/Polity/ HTTP/1.1" 200 26122 68
0:0:0:0:0:0:0:1 - - [04/Dec/2022:19:43:11 +0530] "GET /css/Estyle.css HTTP/1.1" 200 2722 8
0:0:0:0:0:0:0:1 - - [04/Dec/2022:19:43:13 +0530] "GET /Eedu/compitation/RAS HTTP/1.1" 200 18710 54
0:0:0:0:0:0:0:1 - - [04/Dec/2022:19:43:13 +0530] "GET /css/Estyle.css HTTP/1.1" 200 2722 5
0:0:0:0:0:0:0:1 - - [04/Dec/2022:19:43:19 +0530] "GET /Eedu/showQuiz/RAS/Polity/ HTTP/1.1" 200 26122 34
0:0:0:0:0:0:0:1 - - [04/Dec/2022:19:43:19 +0530] "GET /css/Estyle.css HTTP/1.1" 200 2722 4
0:0:0:0:0:0:0:1 - - [04/Dec/2022:19:43:21 +0530] "GET /Eedu/compitation/RAS HTTP/1.1" 200 18710 47
0:0:0:0:0:0:0:1 - - [04/Dec/2022:19:43:21 +0530] "GET /css/Estyle.css HTTP/1.1" 200 2722 4
0:0:0:0:0:0:0:1 - - [04/Dec/2022:19:43:23 +0530] "GET /file/showVideo/RAS/Polity HTTP/1.1" 200 31281 126
0:0:0:0:0:0:0:1 - - [04/Dec/2022:19:43:23 +0530] "GET /css/Estyle.css HTTP/1.1" 200 2722 4
0:0:0:0:0:0:0:1 - - [04/Dec/2022:19:43:26 +0530] "GET /file/showPdf/1 HTTP/1.1" 200 4241905 624
0:0:0:0:0:0:0:1 - - [04/Dec/2022:19:43:31 +0530] "GET /file/showVideo/RAS/Polity HTTP/1.1" 200 31281 179
0:0:0:0:0:0:0:1 - - [04/Dec/2022:19:43:31 +0530] "GET /css/Estyle.css HTTP/1.1" 200 2722 7
0:0:0:0:0:0:0:1 - - [04/Dec/2022:19:43:33 +0530] "GET /file/showPdf/8 HTTP/1.1" 200 2803380 142
0:0:0:0:0:0:0:1 - - [04/Dec/2022:19:43:38 +0530] "GET /file/showVideo/RAS/Polity HTTP/1.1" 200 31281 184
0:0:0:0:0:0:0:1 - - [04/Dec/2022:19:43:38 +0530] "GET /css/Estyle.css HTTP/1.1" 200 2722 8
0:0:0:0:0:0:0:1 - - [04/Dec/2022:19:53:15 +0530] "GET /file/watchVideo/13 HTTP/1.1" 200 340 125
0:0:0:0:0:0:0:1 - - [04/Dec/2022:19:53:15 +0530] "GET /favicon.ico HTTP/1.1" 200 946 26
0:0:0:0:0:0:0:1 - - [04/Dec/2022:19:53:51 +0530] "GET /file/showVideo/13 HTTP/1.1" 200 11221709 36803
0:0:0:0:0:0:0:1 - - [04/Dec/2022:19:55:24 +0530] "GET /file/showVideo/RAS/Polity HTTP/1.1" 200 31281 170
0:0:0:0:0:0:0:1 - - [04/Dec/2022:19:55:24 +0530] "GET /css/Estyle.css HTTP/1.1" 200 2722 12
0:0:0:0:0:0:0:1 - - [04/Dec/2022:19:55:27 +0530] "GET /file/watchVideo/3 HTTP/1.1" 200 339 32
0:0:0:0:0:0:0:1 - - [04/Dec/2022:19:55:28 +0530] "GET /favicon.ico HTTP/1.1" 200 946 17
0:0:0:0:0:0:0:1 - - [04/Dec/2022:19:56:02 +0530] "GET /file/showVideo/3 HTTP/1.1" 200 8179509 34118
0:0:0:0:0:0:0:1 - - [04/Dec/2022:19:58:40 +0530] "GET /file/showVideo/RAS/Polity HTTP/1.1" 200 31281 145
0:0:0:0:0:0:0:1 - - [04/Dec/2022:19:58:40 +0530] "GET /css/Estyle.css HTTP/1.1" 200 2722 28
0:0:0:0:0:0:0:1 - - [04/Dec/2022:19:58:45 +0530] "GET /file/showPdf/1 HTTP/1.1" 200 4241905 718
0:0:0:0:0:0:0:1 - - [04/Dec/2022:19:59:01 +0530] "GET /file/showVideo/RAS/Polity HTTP/1.1" 200 31281 191
0:0:0:0:0:0:0:1 - - [04/Dec/2022:19:59:01 +0530] "GET /css/Estyle.css HTTP/1.1" 200 2722 9
0:0:0:0:0:0:0:1 - - [04/Dec/2022:19:59:07 +0530] "GET /Eedu/compitation/RAS HTTP/1.1" 200 18710 48
0:0:0:0:0:0:0:1 - - [04/Dec/2022:19:59:07 +0530] "GET /css/Estyle.css HTTP/1.1" 200 2722 8
0:0:0:0:0:0:0:1 - - [04/Dec/2022:19:59:07 +0530] "GET /Eedu/ HTTP/1.1" 200 3421 50
0:0:0:0:0:0:0:1 - - [04/Dec/2022:19:59:07 +0530] "GET /css/Estyle.css HTTP/1.1" 200 2722 13
0:0:0:0:0:0:0:1 - - [04/Dec/2022:19:59:08 +0530] "GET / HTTP/1.1" 200 2629 44
0:0:0:0:0:0:0:1 - - [04/Dec/2022:19:59:08 +0530] "GET /style.css HTTP/1.1" 200 2881 13
0:0:0:0:0:0:0:1 - - [04/Dec/2022:19:59:08 +0530] "GET /script.js HTTP/1.1" 200 2049 13
0:0:0:0:0:0:0:1 - - [04/Dec/2022:19:59:11 +0530] "GET /login HTTP/1.1" 200 3214 44
0:0:0:0:0:0:0:1 - - [04/Dec/2022:19:59:11 +0530] "GET /vendor/jquery-easing/jquery.easing.min.js HTTP/1.1" 200 2532 18
0:0:0:0:0:0:0:1 - - [04/Dec/2022:19:59:11 +0530] "GET /vendor/jquery/jquery.min.js HTTP/1.1" 200 86927 19
0:0:0:0:0:0:0:1 - - [04/Dec/2022:19:59:11 +0530] "GET /js/sb-admin-2.min.js HTTP/1.1" 200 1106 18
0:0:0:0:0:0:0:1 - - [04/Dec/2022:19:59:11 +0530] "GET /vendor/fontawesome-free/css/all.min.css HTTP/1.1" 200 68848 28
0:0:0:0:0:0:0:1 - - [04/Dec/2022:19:59:11 +0530] "GET /vendor/bootstrap/js/bootstrap.bundle.min.js HTTP/1.1" 200 78635 22
0:0:0:0:0:0:0:1 - - [04/Dec/2022:19:59:11 +0530] "GET /css/sb-admin-2.min.css HTTP/1.1" 200 256663 27
0:0:0:0:0:0:0:1 - - [04/Dec/2022:19:59:13 +0530] "GET / HTTP/1.1" 200 2629 97
0:0:0:0:0:0:0:1 - - [04/Dec/2022:19:59:13 +0530] "GET /style.css HTTP/1.1" 200 2881 32
0:0:0:0:0:0:0:1 - - [04/Dec/2022:19:59:13 +0530] "GET /script.js HTTP/1.1" 200 2049 33
0:0:0:0:0:0:0:1 - - [04/Dec/2022:19:59:15 +0530] "GET /user/create HTTP/1.1" 200 7376 116
0:0:0:0:0:0:0:1 - - [04/Dec/2022:19:59:15 +0530] "GET /vendor/jquery-easing/jquery.easing.min.js HTTP/1.1" 200 2532 123
0:0:0:0:0:0:0:1 - - [04/Dec/2022:19:59:15 +0530] "GET /js/sb-admin-2.min.js HTTP/1.1" 200 1106 118
0:0:0:0:0:0:0:1 - - [04/Dec/2022:19:59:15 +0530] "GET /vendor/jquery/jquery.min.js HTTP/1.1" 200 86927 129
0:0:0:0:0:0:0:1 - - [04/Dec/2022:19:59:15 +0530] "GET /vendor/fontawesome-free/css/all.min.css HTTP/1.1" 200 68848 129
0:0:0:0:0:0:0:1 - - [04/Dec/2022:19:59:15 +0530] "GET /vendor/bootstrap/js/bootstrap.bundle.min.js HTTP/1.1" 200 78635 131
0:0:0:0:0:0:0:1 - - [04/Dec/2022:19:59:15 +0530] "GET /css/sb-admin-2.min.css HTTP/1.1" 200 256663 136
0:0:0:0:0:0:0:1 - - [04/Dec/2022:19:59:15 +0530] "GET /js/template.js HTTP/1.1" 200 - 23
0:0:0:0:0:0:0:1 - - [04/Dec/2022:19:59:24 +0530] "GET / HTTP/1.1" 200 2629 56
0:0:0:0:0:0:0:1 - - [04/Dec/2022:19:59:24 +0530] "GET /script.js HTTP/1.1" 200 2049 21
0:0:0:0:0:0:0:1 - - [04/Dec/2022:19:59:24 +0530] "GET /style.css HTTP/1.1" 200 2881 21
0:0:0:0:0:0:0:1 - - [04/Dec/2022:19:59:26 +0530] "GET /login HTTP/1.1" 200 3214 54
0:0:0:0:0:0:0:1 - - [04/Dec/2022:19:59:26 +0530] "GET /vendor/jquery-easing/jquery.easing.min.js HTTP/1.1" 200 2532 24
0:0:0:0:0:0:0:1 - - [04/Dec/2022:19:59:26 +0530] "GET /js/sb-admin-2.min.js HTTP/1.1" 200 1106 24
0:0:0:0:0:0:0:1 - - [04/Dec/2022:19:59:26 +0530] "GET /vendor/fontawesome-free/css/all.min.css HTTP/1.1" 200 68848 25
0:0:0:0:0:0:0:1 - - [04/Dec/2022:19:59:26 +0530] "GET /css/sb-admin-2.min.css HTTP/1.1" 200 256663 25
0:0:0:0:0:0:0:1 - - [04/Dec/2022:19:59:26 +0530] "GET /vendor/jquery/jquery.min.js HTTP/1.1" 200 86927 25
0:0:0:0:0:0:0:1 - - [04/Dec/2022:19:59:26 +0530] "GET /vendor/bootstrap/js/bootstrap.bundle.min.js HTTP/1.1" 200 78635 26
0:0:0:0:0:0:0:1 - - [04/Dec/2022:19:59:28 +0530] "GET / HTTP/1.1" 200 2629 135
0:0:0:0:0:0:0:1 - - [04/Dec/2022:19:59:29 +0530] "GET /style.css HTTP/1.1" 200 2881 30
0:0:0:0:0:0:0:1 - - [04/Dec/2022:19:59:29 +0530] "GET /script.js HTTP/1.1" 200 2049 29
0:0:0:0:0:0:0:1 - - [04/Dec/2022:19:59:31 +0530] "GET /login HTTP/1.1" 200 3214 43
0:0:0:0:0:0:0:1 - - [04/Dec/2022:19:59:31 +0530] "GET /js/sb-admin-2.min.js HTTP/1.1" 200 1106 13
0:0:0:0:0:0:0:1 - - [04/Dec/2022:19:59:31 +0530] "GET /vendor/bootstrap/js/bootstrap.bundle.min.js HTTP/1.1" 200 78635 13
0:0:0:0:0:0:0:1 - - [04/Dec/2022:19:59:31 +0530] "GET /vendor/jquery-easing/jquery.easing.min.js HTTP/1.1" 200 2532 14
0:0:0:0:0:0:0:1 - - [04/Dec/2022:19:59:31 +0530] "GET /vendor/fontawesome-free/css/all.min.css HTTP/1.1" 200 68848 16
0:0:0:0:0:0:0:1 - - [04/Dec/2022:19:59:31 +0530] "GET /css/sb-admin-2.min.css HTTP/1.1" 200 256663 16
0:0:0:0:0:0:0:1 - - [04/Dec/2022:19:59:31 +0530] "GET /vendor/jquery/jquery.min.js HTTP/1.1" 200 86927 15
0:0:0:0:0:0:0:1 - - [04/Dec/2022:19:59:37 +0530] "GET /vendor/fontawesome-free/css/all.min.css HTTP/1.1" 200 68848 31
0:0:0:0:0:0:0:1 - - [04/Dec/2022:19:59:37 +0530] "GET /css/sb-admin-2.min.css HTTP/1.1" 200 256663 31
0:0:0:0:0:0:0:1 - - [04/Dec/2022:19:59:37 +0530] "GET /vendor/bootstrap/js/bootstrap.bundle.min.js.map HTTP/1.1" 200 311949 30
0:0:0:0:0:0:0:1 - - [04/Dec/2022:20:00:10 +0530] "GET /vendor/bootstrap/js/bootstrap.bundle.min.js.map HTTP/1.1" 200 311949 26
0:0:0:0:0:0:0:1 - - [04/Dec/2022:20:00:59 +0530] "GET /vendor/bootstrap/js/bootstrap.bundle.min.js.map HTTP/1.1" 200 311949 27
0:0:0:0:0:0:0:1 - - [04/Dec/2022:20:01:10 +0530] "POST /login HTTP/1.1" 302 - 160
0:0:0:0:0:0:0:1 - - [04/Dec/2022:20:01:10 +0530] "GET /login?error HTTP/1.1" 200 3214 17
0:0:0:0:0:0:0:1 - - [04/Dec/2022:20:01:10 +0530] "GET /js/sb-admin-2.min.js HTTP/1.1" 200 1106 9
0:0:0:0:0:0:0:1 - - [04/Dec/2022:20:01:10 +0530] "GET /css/sb-admin-2.min.css HTTP/1.1" 200 256663 14
0:0:0:0:0:0:0:1 - - [04/Dec/2022:20:01:10 +0530] "GET /vendor/fontawesome-free/css/all.min.css HTTP/1.1" 200 68848 15
0:0:0:0:0:0:0:1 - - [04/Dec/2022:20:01:10 +0530] "GET /vendor/jquery/jquery.min.js HTTP/1.1" 200 86927 11
0:0:0:0:0:0:0:1 - - [04/Dec/2022:20:01:10 +0530] "GET /vendor/jquery-easing/jquery.easing.min.js HTTP/1.1" 200 2532 12
0:0:0:0:0:0:0:1 - - [04/Dec/2022:20:01:10 +0530] "GET /vendor/bootstrap/js/bootstrap.bundle.min.js HTTP/1.1" 200 78635 13
0:0:0:0:0:0:0:1 - - [04/Dec/2022:20:01:10 +0530] "GET /vendor/bootstrap/js/bootstrap.bundle.min.js.map HTTP/1.1" 200 311949 7
0:0:0:0:0:0:0:1 - - [04/Dec/2022:20:01:13 +0530] "GET /login HTTP/1.1" 200 3214 28
0:0:0:0:0:0:0:1 - - [04/Dec/2022:20:01:13 +0530] "GET /vendor/jquery-easing/jquery.easing.min.js HTTP/1.1" 200 2532 9
0:0:0:0:0:0:0:1 - - [04/Dec/2022:20:01:13 +0530] "GET /css/sb-admin-2.min.css HTTP/1.1" 200 256663 14
0:0:0:0:0:0:0:1 - - [04/Dec/2022:20:01:13 +0530] "GET /vendor/fontawesome-free/css/all.min.css HTTP/1.1" 200 68848 18
0:0:0:0:0:0:0:1 - - [04/Dec/2022:20:01:13 +0530] "GET /vendor/jquery/jquery.min.js HTTP/1.1" 200 86927 10
0:0:0:0:0:0:0:1 - - [04/Dec/2022:20:01:13 +0530] "GET /vendor/bootstrap/js/bootstrap.bundle.min.js HTTP/1.1" 200 78635 13
0:0:0:0:0:0:0:1 - - [04/Dec/2022:20:01:13 +0530] "GET /js/sb-admin-2.min.js HTTP/1.1" 200 1106 16
0:0:0:0:0:0:0:1 - - [04/Dec/2022:20:01:13 +0530] "GET /vendor/bootstrap/js/bootstrap.bundle.min.js.map HTTP/1.1" 200 311949 10
0:0:0:0:0:0:0:1 - - [04/Dec/2022:20:01:14 +0530] "GET / HTTP/1.1" 200 2629 33
0:0:0:0:0:0:0:1 - - [04/Dec/2022:20:01:14 +0530] "GET /style.css HTTP/1.1" 302 - 11
0:0:0:0:0:0:0:1 - - [04/Dec/2022:20:01:14 +0530] "GET /script.js HTTP/1.1" 302 - 11
0:0:0:0:0:0:0:1 - - [04/Dec/2022:20:01:14 +0530] "GET /login HTTP/1.1" 200 3214 8
0:0:0:0:0:0:0:1 - - [04/Dec/2022:20:01:14 +0530] "GET /login HTTP/1.1" 200 3214 5
0:0:0:0:0:0:0:1 - - [04/Dec/2022:20:01:16 +0530] "GET /home HTTP/1.1" 302 - 27
0:0:0:0:0:0:0:1 - - [04/Dec/2022:20:01:16 +0530] "GET /login HTTP/1.1" 200 3214 22
0:0:0:0:0:0:0:1 - - [04/Dec/2022:20:01:17 +0530] "GET /vendor/bootstrap/js/bootstrap.bundle.min.js HTTP/1.1" 200 78635 28
0:0:0:0:0:0:0:1 - - [04/Dec/2022:20:01:17 +0530] "GET /vendor/fontawesome-free/css/all.min.css HTTP/1.1" 200 68848 28
0:0:0:0:0:0:0:1 - - [04/Dec/2022:20:01:17 +0530] "GET /vendor/jquery-easing/jquery.easing.min.js HTTP/1.1" 200 2532 20
0:0:0:0:0:0:0:1 - - [04/Dec/2022:20:01:17 +0530] "GET /js/sb-admin-2.min.js HTTP/1.1" 200 1106 20
0:0:0:0:0:0:0:1 - - [04/Dec/2022:20:01:17 +0530] "GET /css/sb-admin-2.min.css HTTP/1.1" 200 256663 28
0:0:0:0:0:0:0:1 - - [04/Dec/2022:20:01:17 +0530] "GET /vendor/jquery/jquery.min.js HTTP/1.1" 200 86927 28
0:0:0:0:0:0:0:1 - - [04/Dec/2022:20:01:17 +0530] "GET /vendor/bootstrap/js/bootstrap.bundle.min.js.map HTTP/1.1" 200 311949 12
0:0:0:0:0:0:0:1 - - [04/Dec/2022:20:01:19 +0530] "GET / HTTP/1.1" 200 2629 37
0:0:0:0:0:0:0:1 - - [04/Dec/2022:20:01:19 +0530] "GET /style.css HTTP/1.1" 302 - 11
0:0:0:0:0:0:0:1 - - [04/Dec/2022:20:01:19 +0530] "GET /script.js HTTP/1.1" 302 - 10
0:0:0:0:0:0:0:1 - - [04/Dec/2022:20:01:19 +0530] "GET /login HTTP/1.1" 200 3214 16
0:0:0:0:0:0:0:1 - - [04/Dec/2022:20:01:19 +0530] "GET /login HTTP/1.1" 200 3214 8
0:0:0:0:0:0:0:1 - - [04/Dec/2022:20:01:37 +0530] "GET / HTTP/1.1" 200 2629 28
0:0:0:0:0:0:0:1 - - [04/Dec/2022:20:01:37 +0530] "GET /style.css HTTP/1.1" 302 - 7
0:0:0:0:0:0:0:1 - - [04/Dec/2022:20:01:37 +0530] "GET /script.js HTTP/1.1" 302 - 13
0:0:0:0:0:0:0:1 - - [04/Dec/2022:20:01:37 +0530] "GET /login HTTP/1.1" 200 3214 15
0:0:0:0:0:0:0:1 - - [04/Dec/2022:20:01:37 +0530] "GET /login HTTP/1.1" 200 3214 12
0:0:0:0:0:0:0:1 - - [04/Dec/2022:20:01:37 +0530] "GET / HTTP/1.1" 200 2629 44
0:0:0:0:0:0:0:1 - - [04/Dec/2022:20:01:37 +0530] "GET /script.js HTTP/1.1" 302 - 12
0:0:0:0:0:0:0:1 - - [04/Dec/2022:20:01:37 +0530] "GET /style.css HTTP/1.1" 302 - 13
0:0:0:0:0:0:0:1 - - [04/Dec/2022:20:01:38 +0530] "GET /login HTTP/1.1" 200 3214 18
0:0:0:0:0:0:0:1 - - [04/Dec/2022:20:01:38 +0530] "GET /login HTTP/1.1" 200 3214 16
0:0:0:0:0:0:0:1 - - [04/Dec/2022:20:01:40 +0530] "GET /home HTTP/1.1" 302 - 29
0:0:0:0:0:0:0:1 - - [04/Dec/2022:20:01:40 +0530] "GET /login HTTP/1.1" 200 3214 27
0:0:0:0:0:0:0:1 - - [04/Dec/2022:20:01:40 +0530] "GET /vendor/jquery-easing/jquery.easing.min.js HTTP/1.1" 200 2532 27
0:0:0:0:0:0:0:1 - - [04/Dec/2022:20:01:40 +0530] "GET /vendor/bootstrap/js/bootstrap.bundle.min.js HTTP/1.1" 200 78635 32
0:0:0:0:0:0:0:1 - - [04/Dec/2022:20:01:40 +0530] "GET /vendor/jquery/jquery.min.js HTTP/1.1" 200 86927 32
0:0:0:0:0:0:0:1 - - [04/Dec/2022:20:01:40 +0530] "GET /vendor/fontawesome-free/css/all.min.css HTTP/1.1" 200 68848 31
0:0:0:0:0:0:0:1 - - [04/Dec/2022:20:01:40 +0530] "GET /js/sb-admin-2.min.js HTTP/1.1" 200 1106 25
0:0:0:0:0:0:0:1 - - [04/Dec/2022:20:01:40 +0530] "GET /css/sb-admin-2.min.css HTTP/1.1" 200 256663 30
0:0:0:0:0:0:0:1 - - [04/Dec/2022:20:01:41 +0530] "GET / HTTP/1.1" 200 2629 34
0:0:0:0:0:0:0:1 - - [04/Dec/2022:20:01:41 +0530] "GET /script.js HTTP/1.1" 302 - 3
0:0:0:0:0:0:0:1 - - [04/Dec/2022:20:01:41 +0530] "GET /style.css HTTP/1.1" 302 - 3
0:0:0:0:0:0:0:1 - - [04/Dec/2022:20:01:41 +0530] "GET /login HTTP/1.1" 200 3214 8
0:0:0:0:0:0:0:1 - - [04/Dec/2022:20:01:41 +0530] "GET /login HTTP/1.1" 200 3214 7
0:0:0:0:0:0:0:1 - - [04/Dec/2022:20:01:45 +0530] "GET /style.css HTTP/1.1" 302 - 11
0:0:0:0:0:0:0:1 - - [04/Dec/2022:20:01:45 +0530] "GET /login HTTP/1.1" 200 3214 12
0:0:0:0:0:0:0:1 - - [04/Dec/2022:20:01:51 +0530] "GET / HTTP/1.1" 200 2629 25
0:0:0:0:0:0:0:1 - - [04/Dec/2022:20:01:51 +0530] "GET /script.js HTTP/1.1" 302 - 7
0:0:0:0:0:0:0:1 - - [04/Dec/2022:20:01:51 +0530] "GET /style.css HTTP/1.1" 302 - 11
0:0:0:0:0:0:0:1 - - [04/Dec/2022:20:01:51 +0530] "GET /login HTTP/1.1" 200 3214 8
0:0:0:0:0:0:0:1 - - [04/Dec/2022:20:01:51 +0530] "GET /login HTTP/1.1" 200 3214 8
0:0:0:0:0:0:0:1 - - [04/Dec/2022:20:01:51 +0530] "GET /favicon.ico HTTP/1.1" 302 - 2
0:0:0:0:0:0:0:1 - - [04/Dec/2022:20:01:51 +0530] "GET /login HTTP/1.1" 200 3214 6
0:0:0:0:0:0:0:1 - - [04/Dec/2022:20:10:09 +0530] "GET / HTTP/1.1" 200 12854 2349
0:0:0:0:0:0:0:1 - - [04/Dec/2022:20:10:10 +0530] "GET /css/home.css HTTP/1.1" 200 18672 84
0:0:0:0:0:0:0:1 - - [04/Dec/2022:20:10:10 +0530] "GET /js/home.js HTTP/1.1" 200 143451 72
0:0:0:0:0:0:0:1 - - [04/Dec/2022:20:10:29 +0530] "GET / HTTP/1.1" 200 12854 96
0:0:0:0:0:0:0:1 - - [04/Dec/2022:20:10:29 +0530] "GET /css/home.css HTTP/1.1" 200 18672 44
0:0:0:0:0:0:0:1 - - [04/Dec/2022:20:10:29 +0530] "GET /js/home.js HTTP/1.1" 200 143451 29
0:0:0:0:0:0:0:1 - - [04/Dec/2022:20:10:33 +0530] "GET /favicon.ico HTTP/1.1" 302 - 35
0:0:0:0:0:0:0:1 - - [04/Dec/2022:20:10:33 +0530] "GET /login HTTP/1.1" 200 3215 24
0:0:0:0:0:0:0:1 - - [04/Dec/2022:20:15:47 +0530] "GET / HTTP/1.1" 200 12293 2505
0:0:0:0:0:0:0:1 - - [04/Dec/2022:20:15:47 +0530] "GET /css/home.css HTTP/1.1" 200 18672 126
0:0:0:0:0:0:0:1 - - [04/Dec/2022:20:15:47 +0530] "GET /js/home.js HTTP/1.1" 200 143451 108
0:0:0:0:0:0:0:1 - - [04/Dec/2022:20:15:47 +0530] "GET /img/nick-morrison-FHnnjk1Yj7Y-unsplash%20(1).jpg HTTP/1.1" 200 1084438 133
0:0:0:0:0:0:0:1 - - [04/Dec/2022:20:15:47 +0530] "GET /favicon.ico HTTP/1.1" 302 - 34
0:0:0:0:0:0:0:1 - - [04/Dec/2022:20:15:47 +0530] "GET /login HTTP/1.1" 200 3215 78
0:0:0:0:0:0:0:1 - - [04/Dec/2022:20:20:49 +0530] "GET / HTTP/1.1" 200 12293 2517
0:0:0:0:0:0:0:1 - - [04/Dec/2022:20:20:49 +0530] "GET /css/home.css HTTP/1.1" 200 18672 130
0:0:0:0:0:0:0:1 - - [04/Dec/2022:20:20:49 +0530] "GET /js/home.js HTTP/1.1" 200 143451 119
0:0:0:0:0:0:0:1 - - [04/Dec/2022:20:20:49 +0530] "GET /img/nick-morrison-FHnnjk1Yj7Y-unsplash%20(1).jpg HTTP/1.1" 200 1084438 140
0:0:0:0:0:0:0:1 - - [04/Dec/2022:20:20:49 +0530] "GET /favicon.ico HTTP/1.1" 302 - 31
0:0:0:0:0:0:0:1 - - [04/Dec/2022:20:20:49 +0530] "GET /login HTTP/1.1" 200 3215 49
0:0:0:0:0:0:0:1 - - [04/Dec/2022:20:20:54 +0530] "GET / HTTP/1.1" 200 12293 88
0:0:0:0:0:0:0:1 - - [04/Dec/2022:20:20:54 +0530] "GET /js/home.js HTTP/1.1" 200 143451 23
0:0:0:0:0:0:0:1 - - [04/Dec/2022:20:20:54 +0530] "GET /css/home.css HTTP/1.1" 200 18672 36
0:0:0:0:0:0:0:1 - - [04/Dec/2022:20:20:54 +0530] "GET /img/nick-morrison-FHnnjk1Yj7Y-unsplash%20(1).jpg HTTP/1.1" 200 1084438 42
0:0:0:0:0:0:0:1 - - [04/Dec/2022:20:20:54 +0530] "GET /favicon.ico HTTP/1.1" 302 - 8
0:0:0:0:0:0:0:1 - - [04/Dec/2022:20:20:54 +0530] "GET /login HTTP/1.1" 200 3215 28
0:0:0:0:0:0:0:1 - - [04/Dec/2022:20:26:07 +0530] "GET / HTTP/1.1" 200 12314 2576
0:0:0:0:0:0:0:1 - - [04/Dec/2022:20:26:07 +0530] "GET /css/home.css HTTP/1.1" 200 18672 145
0:0:0:0:0:0:0:1 - - [04/Dec/2022:20:26:07 +0530] "GET /js/home.js HTTP/1.1" 200 143451 111
0:0:0:0:0:0:0:1 - - [04/Dec/2022:20:26:07 +0530] "GET /img/nick-morrison-FHnnjk1Yj7Y-unsplash%20(1).jpg HTTP/1.1" 200 1084438 154
0:0:0:0:0:0:0:1 - - [04/Dec/2022:20:26:07 +0530] "GET /favicon.ico HTTP/1.1" 302 - 34
0:0:0:0:0:0:0:1 - - [04/Dec/2022:20:26:07 +0530] "GET /login HTTP/1.1" 200 3215 56
0:0:0:0:0:0:0:1 - - [04/Dec/2022:20:26:14 +0530] "GET /home HTTP/1.1" 302 - 68
0:0:0:0:0:0:0:1 - - [04/Dec/2022:20:26:14 +0530] "GET /login HTTP/1.1" 200 3215 29
0:0:0:0:0:0:0:1 - - [04/Dec/2022:20:26:14 +0530] "GET /vendor/fontawesome-free/css/all.min.css HTTP/1.1" 200 68848 74
0:0:0:0:0:0:0:1 - - [04/Dec/2022:20:26:14 +0530] "GET /js/sb-admin-2.min.js HTTP/1.1" 200 1106 67
0:0:0:0:0:0:0:1 - - [04/Dec/2022:20:26:14 +0530] "GET /vendor/jquery-easing/jquery.easing.min.js HTTP/1.1" 200 2532 68
0:0:0:0:0:0:0:1 - - [04/Dec/2022:20:26:14 +0530] "GET /vendor/jquery/jquery.min.js HTTP/1.1" 200 86927 77
0:0:0:0:0:0:0:1 - - [04/Dec/2022:20:26:14 +0530] "GET /vendor/bootstrap/js/bootstrap.bundle.min.js HTTP/1.1" 200 78635 85
0:0:0:0:0:0:0:1 - - [04/Dec/2022:20:26:14 +0530] "GET /css/sb-admin-2.min.css HTTP/1.1" 200 256663 96
0:0:0:0:0:0:0:1 - - [04/Dec/2022:20:26:23 +0530] "POST /login HTTP/1.1" 302 - 353
0:0:0:0:0:0:0:1 - - [04/Dec/2022:20:26:23 +0530] "GET / HTTP/1.1" 200 12314 59
0:0:0:0:0:0:0:1 - - [04/Dec/2022:20:26:23 +0530] "GET /js/home.js HTTP/1.1" 200 143451 34
0:0:0:0:0:0:0:1 - - [04/Dec/2022:20:26:23 +0530] "GET /css/home.css HTTP/1.1" 200 18672 34
0:0:0:0:0:0:0:1 - - [04/Dec/2022:20:26:23 +0530] "GET /img/nick-morrison-FHnnjk1Yj7Y-unsplash%20(1).jpg HTTP/1.1" 200 1084438 38
0:0:0:0:0:0:0:1 - - [04/Dec/2022:20:26:23 +0530] "GET /favicon.ico HTTP/1.1" 200 946 38
0:0:0:0:0:0:0:1 - - [04/Dec/2022:20:26:28 +0530] "GET /home HTTP/1.1" 302 - 48
0:0:0:0:0:0:0:1 - - [04/Dec/2022:20:26:28 +0530] "GET /Eedu/ HTTP/1.1" 200 3421 120
0:0:0:0:0:0:0:1 - - [04/Dec/2022:20:26:28 +0530] "GET /css/Estyle.css HTTP/1.1" 200 2722 7
0:0:0:0:0:0:0:1 - - [04/Dec/2022:20:26:30 +0530] "GET /Eedu/compitation/RAS HTTP/1.1" 200 18710 173
0:0:0:0:0:0:0:1 - - [04/Dec/2022:20:26:30 +0530] "GET /css/Estyle.css HTTP/1.1" 200 2722 12
0:0:0:0:0:0:0:1 - - [04/Dec/2022:20:26:36 +0530] "GET /Eedu/ HTTP/1.1" 200 3421 61
0:0:0:0:0:0:0:1 - - [04/Dec/2022:20:26:36 +0530] "GET /css/Estyle.css HTTP/1.1" 200 2722 11
0:0:0:0:0:0:0:1 - - [04/Dec/2022:20:26:37 +0530] "GET / HTTP/1.1" 200 12314 77
0:0:0:0:0:0:0:1 - - [04/Dec/2022:20:26:37 +0530] "GET /css/home.css HTTP/1.1" 200 18672 37
0:0:0:0:0:0:0:1 - - [04/Dec/2022:20:26:37 +0530] "GET /img/nick-morrison-FHnnjk1Yj7Y-unsplash%20(1).jpg HTTP/1.1" 200 1084438 44
0:0:0:0:0:0:0:1 - - [04/Dec/2022:20:26:37 +0530] "GET /js/home.js HTTP/1.1" 200 143451 22
0:0:0:0:0:0:0:1 - - [04/Dec/2022:20:29:37 +0530] "GET / HTTP/1.1" 200 12314 125
0:0:0:0:0:0:0:1 - - [04/Dec/2022:20:29:37 +0530] "GET /css/home.css HTTP/1.1" 200 18672 38
0:0:0:0:0:0:0:1 - - [04/Dec/2022:20:29:37 +0530] "GET /js/home.js HTTP/1.1" 200 143451 25
0:0:0:0:0:0:0:1 - - [04/Dec/2022:20:29:37 +0530] "GET /img/nick-morrison-FHnnjk1Yj7Y-unsplash%20(1).jpg HTTP/1.1" 200 1084438 57
0:0:0:0:0:0:0:1 - - [04/Dec/2022:20:29:37 +0530] "GET /favicon.ico HTTP/1.1" 200 946 12
0:0:0:0:0:0:0:1 - - [04/Dec/2022:20:29:40 +0530] "GET / HTTP/1.1" 200 12314 57
0:0:0:0:0:0:0:1 - - [04/Dec/2022:20:29:40 +0530] "GET /css/home.css HTTP/1.1" 200 18672 20
0:0:0:0:0:0:0:1 - - [04/Dec/2022:20:29:40 +0530] "GET /img/nick-morrison-FHnnjk1Yj7Y-unsplash%20(1).jpg HTTP/1.1" 200 1084438 39
0:0:0:0:0:0:0:1 - - [04/Dec/2022:20:29:40 +0530] "GET /js/home.js HTTP/1.1" 200 143451 18
0:0:0:0:0:0:0:1 - - [04/Dec/2022:20:29:40 +0530] "GET /favicon.ico HTTP/1.1" 200 946 5
