0:0:0:0:0:0:0:1 - - [02/Dec/2022:17:58:27 +0530] "GET / HTTP/1.1" 200 2629 2600
0:0:0:0:0:0:0:1 - - [02/Dec/2022:17:58:27 +0530] "GET / HTTP/1.1" 200 2629 102
0:0:0:0:0:0:0:1 - - [02/Dec/2022:17:58:27 +0530] "GET /script.js HTTP/1.1" 302 - 152
0:0:0:0:0:0:0:1 - - [02/Dec/2022:17:58:27 +0530] "GET /style.css HTTP/1.1" 302 - 152
0:0:0:0:0:0:0:1 - - [02/Dec/2022:17:58:27 +0530] "GET /style.css HTTP/1.1" 302 - 27
0:0:0:0:0:0:0:1 - - [02/Dec/2022:17:58:27 +0530] "GET /script.js HTTP/1.1" 302 - 29
0:0:0:0:0:0:0:1 - - [02/Dec/2022:17:58:27 +0530] "GET /login HTTP/1.1" 200 3214 66
0:0:0:0:0:0:0:1 - - [02/Dec/2022:17:58:27 +0530] "GET /login HTTP/1.1" 200 3214 29
0:0:0:0:0:0:0:1 - - [02/Dec/2022:17:58:27 +0530] "GET /login HTTP/1.1" 200 3214 22
0:0:0:0:0:0:0:1 - - [02/Dec/2022:17:58:27 +0530] "GET /login HTTP/1.1" 200 3214 21
0:0:0:0:0:0:0:1 - - [02/Dec/2022:17:58:29 +0530] "GET /login HTTP/1.1" 200 3214 47
0:0:0:0:0:0:0:1 - - [02/Dec/2022:17:58:29 +0530] "GET /vendor/fontawesome-free/css/all.min.css HTTP/1.1" 200 68848 90
0:0:0:0:0:0:0:1 - - [02/Dec/2022:17:58:29 +0530] "GET /vendor/bootstrap/js/bootstrap.bundle.min.js HTTP/1.1" 200 78635 77
0:0:0:0:0:0:0:1 - - [02/Dec/2022:17:58:29 +0530] "GET /vendor/jquery/jquery.min.js HTTP/1.1" 200 86927 87
0:0:0:0:0:0:0:1 - - [02/Dec/2022:17:58:29 +0530] "GET /js/sb-admin-2.min.js HTTP/1.1" 200 1106 77
0:0:0:0:0:0:0:1 - - [02/Dec/2022:17:58:29 +0530] "GET /vendor/jquery-easing/jquery.easing.min.js HTTP/1.1" 200 2532 84
0:0:0:0:0:0:0:1 - - [02/Dec/2022:17:58:29 +0530] "GET /css/sb-admin-2.min.css HTTP/1.1" 200 256663 89
0:0:0:0:0:0:0:1 - - [02/Dec/2022:17:58:29 +0530] "GET /img/SDIcon.ico HTTP/1.1" 404 146 109
0:0:0:0:0:0:0:1 - - [02/Dec/2022:18:00:35 +0530] "POST /login HTTP/1.1" 302 - 362
0:0:0:0:0:0:0:1 - - [02/Dec/2022:18:00:36 +0530] "GET / HTTP/1.1" 200 2629 35
0:0:0:0:0:0:0:1 - - [02/Dec/2022:18:00:36 +0530] "GET /script.js HTTP/1.1" 200 2049 22
0:0:0:0:0:0:0:1 - - [02/Dec/2022:18:00:36 +0530] "GET /style.css HTTP/1.1" 200 2881 22
0:0:0:0:0:0:0:1 - - [02/Dec/2022:18:00:37 +0530] "GET /home HTTP/1.1" 302 - 81
0:0:0:0:0:0:0:1 - - [02/Dec/2022:18:00:38 +0530] "GET /Eedu/ HTTP/1.1" 200 3421 117
0:0:0:0:0:0:0:1 - - [02/Dec/2022:18:00:38 +0530] "GET /css/Estyle.css HTTP/1.1" 200 2722 9
0:0:0:0:0:0:0:1 - - [02/Dec/2022:18:00:39 +0530] "GET /Checkout/Buy/RAS HTTP/1.1" 200 2596 113
0:0:0:0:0:0:0:1 - - [02/Dec/2022:18:00:39 +0530] "GET /css/payment.css HTTP/1.1" 200 146825 26
0:0:0:0:0:0:0:1 - - [02/Dec/2022:18:00:39 +0530] "GET /Checkout/manual/view/getQRCode?code=upi%3A%2F%2Fpay%3Fpa%3D9982306229%40ybl%26am%3D230.0%26pn%3DAshok%2520Kumar%26cu%3DINR%26mode%3D02%26sign%3DQXNob2sgS3VtYXI%3D HTTP/1.1" 200 1204 321
0:0:0:0:0:0:0:1 - - [02/Dec/2022:18:00:41 +0530] "GET /Eedu/ HTTP/1.1" 200 3421 84
0:0:0:0:0:0:0:1 - - [02/Dec/2022:18:00:41 +0530] "GET /css/Estyle.css HTTP/1.1" 200 2722 7
0:0:0:0:0:0:0:1 - - [02/Dec/2022:18:00:42 +0530] "GET /Eedu/compitation/RAS HTTP/1.1" 200 18710 134
0:0:0:0:0:0:0:1 - - [02/Dec/2022:18:00:42 +0530] "GET /css/Estyle.css HTTP/1.1" 200 2722 7
0:0:0:0:0:0:0:1 - - [02/Dec/2022:18:00:43 +0530] "GET /file/showVideo/RAS/Polity HTTP/1.1" 200 25151 194
0:0:0:0:0:0:0:1 - - [02/Dec/2022:18:00:43 +0530] "GET /css/Estyle.css HTTP/1.1" 200 2722 15
0:0:0:0:0:0:0:1 - - [02/Dec/2022:18:00:44 +0530] "GET /file/watchVideo/1 HTTP/1.1" 200 339 35
0:0:0:0:0:0:0:1 - - [02/Dec/2022:18:00:45 +0530] "GET /file/showVideo/1 HTTP/1.1" 200 13942060 306
0:0:0:0:0:0:0:1 - - [02/Dec/2022:18:00:46 +0530] "GET /file/showVideo/RAS/Polity HTTP/1.1" 200 25151 125
0:0:0:0:0:0:0:1 - - [02/Dec/2022:18:00:46 +0530] "GET /css/Estyle.css HTTP/1.1" 200 2722 11
0:0:0:0:0:0:0:1 - - [02/Dec/2022:18:00:48 +0530] "GET /file/showPdf/1 HTTP/1.1" 200 4241905 169
0:0:0:0:0:0:0:1 - - [02/Dec/2022:18:00:50 +0530] "GET /file/showVideo/RAS/Polity HTTP/1.1" 200 25151 186
0:0:0:0:0:0:0:1 - - [02/Dec/2022:18:00:50 +0530] "GET /css/Estyle.css HTTP/1.1" 200 2722 14
0:0:0:0:0:0:0:1 - - [02/Dec/2022:18:00:57 +0530] "GET /Eedu/compitation/RAS HTTP/1.1" 200 18710 84
0:0:0:0:0:0:0:1 - - [02/Dec/2022:18:00:57 +0530] "GET /css/Estyle.css HTTP/1.1" 200 2722 17
0:0:0:0:0:0:0:1 - - [02/Dec/2022:18:01:03 +0530] "GET /Admin/ HTTP/1.1" 200 17402 98
0:0:0:0:0:0:0:1 - - [02/Dec/2022:18:01:03 +0530] "GET /css/Estyle.css HTTP/1.1" 200 2722 13
0:0:0:0:0:0:0:1 - - [02/Dec/2022:18:01:04 +0530] "GET /Admin/compitation/RAS HTTP/1.1" 200 8456 63
0:0:0:0:0:0:0:1 - - [02/Dec/2022:18:01:04 +0530] "GET /css/Estyle.css HTTP/1.1" 200 2722 8
0:0:0:0:0:0:0:1 - - [02/Dec/2022:18:01:07 +0530] "GET /file/upload/RAS/Polity HTTP/1.1" 200 6894 84
0:0:0:0:0:0:0:1 - - [02/Dec/2022:18:01:07 +0530] "GET /vendor/jquery-easing/jquery.easing.min.js HTTP/1.1" 200 2532 18
0:0:0:0:0:0:0:1 - - [02/Dec/2022:18:01:07 +0530] "GET /vendor/jquery/jquery.min.js HTTP/1.1" 200 86927 18
0:0:0:0:0:0:0:1 - - [02/Dec/2022:18:01:07 +0530] "GET /vendor/fontawesome-free/css/all.min.css HTTP/1.1" 200 68848 21
0:0:0:0:0:0:0:1 - - [02/Dec/2022:18:01:07 +0530] "GET /css/sb-admin-2.min.css HTTP/1.1" 200 256663 20
0:0:0:0:0:0:0:1 - - [02/Dec/2022:18:01:07 +0530] "GET /vendor/bootstrap/js/bootstrap.bundle.min.js HTTP/1.1" 200 78635 19
0:0:0:0:0:0:0:1 - - [02/Dec/2022:18:01:07 +0530] "GET /vendor/datatables/dataTables.bootstrap4.min.css HTTP/1.1" 200 5222 20
0:0:0:0:0:0:0:1 - - [02/Dec/2022:18:01:07 +0530] "GET /vendor/datatables/jquery.dataTables.min.js HTTP/1.1" 200 82411 29
0:0:0:0:0:0:0:1 - - [02/Dec/2022:18:01:07 +0530] "GET /vendor/datatables/dataTables.bootstrap4.min.js HTTP/1.1" 200 2085 29
0:0:0:0:0:0:0:1 - - [02/Dec/2022:18:01:07 +0530] "GET /js/demo/datatables-demo.js HTTP/1.1" 200 103 29
0:0:0:0:0:0:0:1 - - [02/Dec/2022:18:01:07 +0530] "GET /js/sb-admin-2.min.js HTTP/1.1" 200 1106 29
0:0:0:0:0:0:0:1 - - [02/Dec/2022:18:01:07 +0530] "GET /js/template.js HTTP/1.1" 200 - 29
0:0:0:0:0:0:0:1 - - [02/Dec/2022:18:01:07 +0530] "GET /vendor/fontawesome-free/webfonts/fa-solid-900.woff2 HTTP/1.1" 200 74348 45
0:0:0:0:0:0:0:1 - - [02/Dec/2022:18:01:18 +0530] "POST /file/uploadFile/RAS/Polity HTTP/1.1" 200 6959 393
0:0:0:0:0:0:0:1 - - [02/Dec/2022:18:01:18 +0530] "GET /css/sb-admin-2.min.css HTTP/1.1" 200 256663 59
0:0:0:0:0:0:0:1 - - [02/Dec/2022:18:01:18 +0530] "GET /vendor/datatables/dataTables.bootstrap4.min.css HTTP/1.1" 200 5222 59
0:0:0:0:0:0:0:1 - - [02/Dec/2022:18:01:18 +0530] "GET /vendor/fontawesome-free/css/all.min.css HTTP/1.1" 200 68848 59
0:0:0:0:0:0:0:1 - - [02/Dec/2022:18:01:18 +0530] "GET /vendor/bootstrap/js/bootstrap.bundle.min.js HTTP/1.1" 200 78635 69
0:0:0:0:0:0:0:1 - - [02/Dec/2022:18:01:18 +0530] "GET /vendor/jquery/jquery.min.js HTTP/1.1" 200 86927 83
0:0:0:0:0:0:0:1 - - [02/Dec/2022:18:01:18 +0530] "GET /vendor/jquery-easing/jquery.easing.min.js HTTP/1.1" 200 2532 83
0:0:0:0:0:0:0:1 - - [02/Dec/2022:18:01:18 +0530] "GET /js/template.js HTTP/1.1" 200 - 15
0:0:0:0:0:0:0:1 - - [02/Dec/2022:18:01:18 +0530] "GET /js/demo/datatables-demo.js HTTP/1.1" 200 103 3
0:0:0:0:0:0:0:1 - - [02/Dec/2022:18:01:18 +0530] "GET /vendor/datatables/jquery.dataTables.min.js HTTP/1.1" 200 82411 16
0:0:0:0:0:0:0:1 - - [02/Dec/2022:18:01:18 +0530] "GET /vendor/datatables/dataTables.bootstrap4.min.js HTTP/1.1" 200 2085 17
0:0:0:0:0:0:0:1 - - [02/Dec/2022:18:01:18 +0530] "GET /js/sb-admin-2.min.js HTTP/1.1" 200 1106 18
0:0:0:0:0:0:0:1 - - [02/Dec/2022:18:01:18 +0530] "GET /vendor/fontawesome-free/webfonts/fa-solid-900.woff2 HTTP/1.1" 200 74348 17
0:0:0:0:0:0:0:1 - - [02/Dec/2022:18:01:27 +0530] "POST /file/uploadFile/RAS/Polity HTTP/1.1" 200 6960 531
0:0:0:0:0:0:0:1 - - [02/Dec/2022:18:01:27 +0530] "GET /vendor/datatables/dataTables.bootstrap4.min.css HTTP/1.1" 200 5222 41
0:0:0:0:0:0:0:1 - - [02/Dec/2022:18:01:27 +0530] "GET /vendor/bootstrap/js/bootstrap.bundle.min.js HTTP/1.1" 200 78635 42
0:0:0:0:0:0:0:1 - - [02/Dec/2022:18:01:27 +0530] "GET /css/sb-admin-2.min.css HTTP/1.1" 200 256663 42
0:0:0:0:0:0:0:1 - - [02/Dec/2022:18:01:27 +0530] "GET /vendor/jquery-easing/jquery.easing.min.js HTTP/1.1" 200 2532 43
0:0:0:0:0:0:0:1 - - [02/Dec/2022:18:01:27 +0530] "GET /vendor/jquery/jquery.min.js HTTP/1.1" 200 86927 44
0:0:0:0:0:0:0:1 - - [02/Dec/2022:18:01:27 +0530] "GET /vendor/fontawesome-free/css/all.min.css HTTP/1.1" 200 68848 52
0:0:0:0:0:0:0:1 - - [02/Dec/2022:18:01:27 +0530] "GET /js/demo/datatables-demo.js HTTP/1.1" 200 103 9
0:0:0:0:0:0:0:1 - - [02/Dec/2022:18:01:27 +0530] "GET /vendor/datatables/dataTables.bootstrap4.min.js HTTP/1.1" 200 2085 10
0:0:0:0:0:0:0:1 - - [02/Dec/2022:18:01:27 +0530] "GET /vendor/datatables/jquery.dataTables.min.js HTTP/1.1" 200 82411 16
0:0:0:0:0:0:0:1 - - [02/Dec/2022:18:01:27 +0530] "GET /js/template.js HTTP/1.1" 200 - 20
0:0:0:0:0:0:0:1 - - [02/Dec/2022:18:01:27 +0530] "GET /js/sb-admin-2.min.js HTTP/1.1" 200 1106 19
0:0:0:0:0:0:0:1 - - [02/Dec/2022:18:01:27 +0530] "GET /vendor/fontawesome-free/webfonts/fa-solid-900.woff2 HTTP/1.1" 200 74348 8
0:0:0:0:0:0:0:1 - - [02/Dec/2022:18:01:31 +0530] "GET /file/upload/RAS/Polity HTTP/1.1" 200 6894 49
0:0:0:0:0:0:0:1 - - [02/Dec/2022:18:01:32 +0530] "GET /vendor/jquery/jquery.min.js HTTP/1.1" 200 86927 35
0:0:0:0:0:0:0:1 - - [02/Dec/2022:18:01:32 +0530] "GET /css/sb-admin-2.min.css HTTP/1.1" 200 256663 36
0:0:0:0:0:0:0:1 - - [02/Dec/2022:18:01:32 +0530] "GET /vendor/datatables/dataTables.bootstrap4.min.css HTTP/1.1" 200 5222 36
0:0:0:0:0:0:0:1 - - [02/Dec/2022:18:01:32 +0530] "GET /vendor/jquery-easing/jquery.easing.min.js HTTP/1.1" 200 2532 34
0:0:0:0:0:0:0:1 - - [02/Dec/2022:18:01:32 +0530] "GET /vendor/fontawesome-free/css/all.min.css HTTP/1.1" 200 68848 59
0:0:0:0:0:0:0:1 - - [02/Dec/2022:18:01:32 +0530] "GET /js/template.js HTTP/1.1" 200 - 20
0:0:0:0:0:0:0:1 - - [02/Dec/2022:18:01:32 +0530] "GET /js/sb-admin-2.min.js HTTP/1.1" 200 1106 20
0:0:0:0:0:0:0:1 - - [02/Dec/2022:18:01:32 +0530] "GET /vendor/datatables/dataTables.bootstrap4.min.js HTTP/1.1" 200 2085 24
0:0:0:0:0:0:0:1 - - [02/Dec/2022:18:01:32 +0530] "GET /vendor/bootstrap/js/bootstrap.bundle.min.js HTTP/1.1" 200 78635 61
0:0:0:0:0:0:0:1 - - [02/Dec/2022:18:01:32 +0530] "GET /vendor/datatables/jquery.dataTables.min.js HTTP/1.1" 200 82411 27
0:0:0:0:0:0:0:1 - - [02/Dec/2022:18:01:32 +0530] "GET /js/demo/datatables-demo.js HTTP/1.1" 200 103 7
0:0:0:0:0:0:0:1 - - [02/Dec/2022:18:01:32 +0530] "GET /vendor/fontawesome-free/webfonts/fa-solid-900.woff2 HTTP/1.1" 200 74348 23
0:0:0:0:0:0:0:1 - - [02/Dec/2022:18:01:32 +0530] "GET /Admin/compitation/RAS HTTP/1.1" 200 8456 23
0:0:0:0:0:0:0:1 - - [02/Dec/2022:18:01:32 +0530] "GET /css/Estyle.css HTTP/1.1" 200 2722 8
0:0:0:0:0:0:0:1 - - [02/Dec/2022:18:01:36 +0530] "GET /file/upload/RAS/Polity HTTP/1.1" 200 6894 69
0:0:0:0:0:0:0:1 - - [02/Dec/2022:18:01:36 +0530] "GET /vendor/jquery-easing/jquery.easing.min.js HTTP/1.1" 200 2532 12
0:0:0:0:0:0:0:1 - - [02/Dec/2022:18:01:36 +0530] "GET /vendor/bootstrap/js/bootstrap.bundle.min.js HTTP/1.1" 200 78635 13
0:0:0:0:0:0:0:1 - - [02/Dec/2022:18:01:36 +0530] "GET /vendor/jquery/jquery.min.js HTTP/1.1" 200 86927 17
0:0:0:0:0:0:0:1 - - [02/Dec/2022:18:01:36 +0530] "GET /vendor/datatables/dataTables.bootstrap4.min.css HTTP/1.1" 200 5222 13
0:0:0:0:0:0:0:1 - - [02/Dec/2022:18:01:36 +0530] "GET /vendor/fontawesome-free/css/all.min.css HTTP/1.1" 200 68848 18
0:0:0:0:0:0:0:1 - - [02/Dec/2022:18:01:36 +0530] "GET /css/sb-admin-2.min.css HTTP/1.1" 200 256663 17
0:0:0:0:0:0:0:1 - - [02/Dec/2022:18:01:36 +0530] "GET /js/sb-admin-2.min.js HTTP/1.1" 200 1106 31
0:0:0:0:0:0:0:1 - - [02/Dec/2022:18:01:36 +0530] "GET /vendor/datatables/dataTables.bootstrap4.min.js HTTP/1.1" 200 2085 31
0:0:0:0:0:0:0:1 - - [02/Dec/2022:18:01:36 +0530] "GET /js/template.js HTTP/1.1" 200 - 31
0:0:0:0:0:0:0:1 - - [02/Dec/2022:18:01:36 +0530] "GET /vendor/datatables/jquery.dataTables.min.js HTTP/1.1" 200 82411 32
0:0:0:0:0:0:0:1 - - [02/Dec/2022:18:01:36 +0530] "GET /js/demo/datatables-demo.js HTTP/1.1" 200 103 31
0:0:0:0:0:0:0:1 - - [02/Dec/2022:18:01:36 +0530] "GET /vendor/fontawesome-free/webfonts/fa-solid-900.woff2 HTTP/1.1" 200 74348 26
0:0:0:0:0:0:0:1 - - [02/Dec/2022:18:01:37 +0530] "GET /Admin/compitation/RAS HTTP/1.1" 200 8456 28
0:0:0:0:0:0:0:1 - - [02/Dec/2022:18:01:37 +0530] "GET /css/Estyle.css HTTP/1.1" 200 2722 7
0:0:0:0:0:0:0:1 - - [02/Dec/2022:18:01:38 +0530] "GET /Admin/createQuiz/RAS/Polity HTTP/1.1" 200 14757 159
0:0:0:0:0:0:0:1 - - [02/Dec/2022:18:01:38 +0530] "GET /js/sb-admin-2.min.js HTTP/1.1" 200 1106 15
0:0:0:0:0:0:0:1 - - [02/Dec/2022:18:01:38 +0530] "GET /vendor/jquery-easing/jquery.easing.min.js HTTP/1.1" 200 2532 14
0:0:0:0:0:0:0:1 - - [02/Dec/2022:18:01:38 +0530] "GET /vendor/fontawesome-free/css/all.min.css HTTP/1.1" 200 68848 16
0:0:0:0:0:0:0:1 - - [02/Dec/2022:18:01:38 +0530] "GET /vendor/bootstrap/js/bootstrap.bundle.min.js HTTP/1.1" 200 78635 15
0:0:0:0:0:0:0:1 - - [02/Dec/2022:18:01:38 +0530] "GET /vendor/jquery/jquery.min.js HTTP/1.1" 200 86927 15
0:0:0:0:0:0:0:1 - - [02/Dec/2022:18:01:38 +0530] "GET /css/sb-admin-2.min.css HTTP/1.1" 200 256663 18
0:0:0:0:0:0:0:1 - - [02/Dec/2022:18:01:38 +0530] "GET /js/template.js HTTP/1.1" 200 - 10
0:0:0:0:0:0:0:1 - - [02/Dec/2022:18:01:44 +0530] "POST /Admin/saveQuiz HTTP/1.1" 302 - 57
0:0:0:0:0:0:0:1 - - [02/Dec/2022:18:01:44 +0530] "GET /Admin/ HTTP/1.1" 200 17402 21
0:0:0:0:0:0:0:1 - - [02/Dec/2022:18:01:44 +0530] "GET /css/Estyle.css HTTP/1.1" 200 2722 11
