0:0:0:0:0:0:0:1 - - [08/Dec/2022:19:28:04 +0530] "GET / HTTP/1.1" 200 12598 2875
0:0:0:0:0:0:0:1 - - [08/Dec/2022:19:28:04 +0530] "GET /js/home.js HTTP/1.1" 200 99633 67
0:0:0:0:0:0:0:1 - - [08/Dec/2022:19:28:04 +0530] "GET /css/home.css HTTP/1.1" 200 18368 74
0:0:0:0:0:0:0:1 - - [08/Dec/2022:19:28:04 +0530] "GET /favicon.ico HTTP/1.1" 302 - 34
0:0:0:0:0:0:0:1 - - [08/Dec/2022:19:28:04 +0530] "GET /login HTTP/1.1" 200 3215 31
0:0:0:0:0:0:0:1 - - [08/Dec/2022:19:28:20 +0530] "GET /css/home.css HTTP/1.1" 200 18368 51
0:0:0:0:0:0:0:1 - - [08/Dec/2022:19:28:50 +0530] "GET /Eedu/ HTTP/1.1" 302 - 84
0:0:0:0:0:0:0:1 - - [08/Dec/2022:19:28:50 +0530] "GET /login HTTP/1.1" 200 3215 42
0:0:0:0:0:0:0:1 - - [08/Dec/2022:19:28:50 +0530] "GET /vendor/bootstrap/js/bootstrap.bundle.min.js HTTP/1.1" 200 78635 112
0:0:0:0:0:0:0:1 - - [08/Dec/2022:19:28:50 +0530] "GET /vendor/jquery/jquery.min.js HTTP/1.1" 200 86927 116
0:0:0:0:0:0:0:1 - - [08/Dec/2022:19:28:50 +0530] "GET /css/sb-admin-2.min.css HTTP/1.1" 200 256663 118
0:0:0:0:0:0:0:1 - - [08/Dec/2022:19:28:50 +0530] "GET /js/sb-admin-2.min.js HTTP/1.1" 200 1106 133
0:0:0:0:0:0:0:1 - - [08/Dec/2022:19:28:50 +0530] "GET /vendor/jquery-easing/jquery.easing.min.js HTTP/1.1" 200 2532 133
0:0:0:0:0:0:0:1 - - [08/Dec/2022:19:28:50 +0530] "GET /vendor/fontawesome-free/css/all.min.css HTTP/1.1" 200 68848 142
0:0:0:0:0:0:0:1 - - [08/Dec/2022:19:28:50 +0530] "GET /img/SDIcon.ico HTTP/1.1" 404 146 108
0:0:0:0:0:0:0:1 - - [08/Dec/2022:19:28:56 +0530] "POST /login HTTP/1.1" 302 - 452
0:0:0:0:0:0:0:1 - - [08/Dec/2022:19:28:56 +0530] "GET / HTTP/1.1" 200 12598 52
0:0:0:0:0:0:0:1 - - [08/Dec/2022:19:28:56 +0530] "GET /css/home.css HTTP/1.1" 200 18368 17
0:0:0:0:0:0:0:1 - - [08/Dec/2022:19:28:56 +0530] "GET /js/home.js HTTP/1.1" 200 99633 17
0:0:0:0:0:0:0:1 - - [08/Dec/2022:19:28:56 +0530] "GET /favicon.ico HTTP/1.1" 200 946 36
0:0:0:0:0:0:0:1 - - [08/Dec/2022:19:29:01 +0530] "GET /css/home.css HTTP/1.1" 200 18368 33
0:0:0:0:0:0:0:1 - - [08/Dec/2022:19:29:05 +0530] "GET /Eedu/ HTTP/1.1" 200 3421 150
0:0:0:0:0:0:0:1 - - [08/Dec/2022:19:29:05 +0530] "GET /css/Estyle.css HTTP/1.1" 200 2722 9
0:0:0:0:0:0:0:1 - - [08/Dec/2022:19:29:06 +0530] "GET /Eedu/compitation/RAS HTTP/1.1" 200 18710 176
0:0:0:0:0:0:0:1 - - [08/Dec/2022:19:29:06 +0530] "GET /css/Estyle.css HTTP/1.1" 200 2722 19
0:0:0:0:0:0:0:1 - - [08/Dec/2022:19:29:10 +0530] "GET /Eedu/showQuiz/RAS/Polity/ HTTP/1.1" 200 26122 193
0:0:0:0:0:0:0:1 - - [08/Dec/2022:19:29:10 +0530] "GET /css/Estyle.css HTTP/1.1" 200 2722 12
0:0:0:0:0:0:0:1 - - [08/Dec/2022:19:29:12 +0530] "GET /Eedu/startQuiz/RAS/Polity/3/ HTTP/1.1" 200 1076 81
0:0:0:0:0:0:0:1 - - [08/Dec/2022:19:29:12 +0530] "GET /js/quizScript.js HTTP/1.1" 200 93515 13
0:0:0:0:0:0:0:1 - - [08/Dec/2022:19:29:12 +0530] "GET /css/quiz.css HTTP/1.1" 200 154430 14
0:0:0:0:0:0:0:1 - - [08/Dec/2022:19:29:14 +0530] "GET /Eedu/showQuiz/RAS/Polity/ HTTP/1.1" 200 26122 84
0:0:0:0:0:0:0:1 - - [08/Dec/2022:19:29:14 +0530] "GET /css/Estyle.css HTTP/1.1" 200 2722 12
0:0:0:0:0:0:0:1 - - [08/Dec/2022:19:29:15 +0530] "GET /Eedu/startQuiz/RAS/Polity/1/ HTTP/1.1" 200 358 77
0:0:0:0:0:0:0:1 - - [08/Dec/2022:19:29:17 +0530] "GET /Eedu/showQuiz/RAS/Polity/ HTTP/1.1" 200 26122 69
0:0:0:0:0:0:0:1 - - [08/Dec/2022:19:29:17 +0530] "GET /css/Estyle.css HTTP/1.1" 200 2722 11
0:0:0:0:0:0:0:1 - - [08/Dec/2022:19:29:17 +0530] "GET /Eedu/compitation/RAS HTTP/1.1" 200 18710 50
0:0:0:0:0:0:0:1 - - [08/Dec/2022:19:29:17 +0530] "GET /css/Estyle.css HTTP/1.1" 200 2722 6
0:0:0:0:0:0:0:1 - - [08/Dec/2022:19:29:27 +0530] "GET /Admin/ HTTP/1.1" 200 17402 38
0:0:0:0:0:0:0:1 - - [08/Dec/2022:19:29:27 +0530] "GET /css/Estyle.css HTTP/1.1" 200 2722 5
0:0:0:0:0:0:0:1 - - [08/Dec/2022:19:29:28 +0530] "GET /Admin/compitation/RAS HTTP/1.1" 200 8456 45
0:0:0:0:0:0:0:1 - - [08/Dec/2022:19:29:28 +0530] "GET /css/Estyle.css HTTP/1.1" 200 2722 5
0:0:0:0:0:0:0:1 - - [08/Dec/2022:19:29:29 +0530] "GET /Admin/createQuiz/RAS/hindi HTTP/1.1" 200 14754 126
0:0:0:0:0:0:0:1 - - [08/Dec/2022:19:29:29 +0530] "GET /js/sb-admin-2.min.js HTTP/1.1" 200 1106 29
0:0:0:0:0:0:0:1 - - [08/Dec/2022:19:29:29 +0530] "GET /vendor/jquery-easing/jquery.easing.min.js HTTP/1.1" 200 2532 31
0:0:0:0:0:0:0:1 - - [08/Dec/2022:19:29:29 +0530] "GET /vendor/fontawesome-free/css/all.min.css HTTP/1.1" 200 68848 54
0:0:0:0:0:0:0:1 - - [08/Dec/2022:19:29:29 +0530] "GET /vendor/bootstrap/js/bootstrap.bundle.min.js HTTP/1.1" 200 78635 45
0:0:0:0:0:0:0:1 - - [08/Dec/2022:19:29:29 +0530] "GET /vendor/jquery/jquery.min.js HTTP/1.1" 200 86927 45
0:0:0:0:0:0:0:1 - - [08/Dec/2022:19:29:29 +0530] "GET /css/sb-admin-2.min.css HTTP/1.1" 200 256663 46
0:0:0:0:0:0:0:1 - - [08/Dec/2022:19:29:29 +0530] "GET /js/template.js HTTP/1.1" 200 - 29
0:0:0:0:0:0:0:1 - - [08/Dec/2022:19:29:34 +0530] "POST /Admin/saveQuiz HTTP/1.1" 302 - 227
0:0:0:0:0:0:0:1 - - [08/Dec/2022:19:29:34 +0530] "GET /Admin/ HTTP/1.1" 200 17402 56
0:0:0:0:0:0:0:1 - - [08/Dec/2022:19:29:34 +0530] "GET /css/Estyle.css HTTP/1.1" 200 2722 10
0:0:0:0:0:0:0:1 - - [08/Dec/2022:19:29:39 +0530] "GET /Eedu/ HTTP/1.1" 200 3421 44
0:0:0:0:0:0:0:1 - - [08/Dec/2022:19:29:39 +0530] "GET /css/Estyle.css HTTP/1.1" 200 2722 7
0:0:0:0:0:0:0:1 - - [08/Dec/2022:19:29:40 +0530] "GET /Eedu/compitation/RAS HTTP/1.1" 200 18710 54
0:0:0:0:0:0:0:1 - - [08/Dec/2022:19:29:40 +0530] "GET /css/Estyle.css HTTP/1.1" 200 2722 6
0:0:0:0:0:0:0:1 - - [08/Dec/2022:19:29:42 +0530] "GET /Eedu/showQuiz/RAS/hindi/ HTTP/1.1" 200 9081 40
0:0:0:0:0:0:0:1 - - [08/Dec/2022:19:29:42 +0530] "GET /css/Estyle.css HTTP/1.1" 200 2722 12
0:0:0:0:0:0:0:1 - - [08/Dec/2022:19:29:44 +0530] "GET /Eedu/compitation/RAS HTTP/1.1" 200 18710 52
0:0:0:0:0:0:0:1 - - [08/Dec/2022:19:29:44 +0530] "GET /css/Estyle.css HTTP/1.1" 200 2722 5
0:0:0:0:0:0:0:1 - - [08/Dec/2022:19:29:45 +0530] "GET /Eedu/showQuiz/RAS/English/ HTTP/1.1" 200 17609 48
0:0:0:0:0:0:0:1 - - [08/Dec/2022:19:29:45 +0530] "GET /css/Estyle.css HTTP/1.1" 200 2722 6
0:0:0:0:0:0:0:1 - - [08/Dec/2022:19:29:46 +0530] "GET /Eedu/startQuiz/RAS/English/2/ HTTP/1.1" 200 358 52
0:0:0:0:0:0:0:1 - - [08/Dec/2022:19:29:48 +0530] "GET /Eedu/ HTTP/1.1" 200 3421 26
0:0:0:0:0:0:0:1 - - [08/Dec/2022:19:29:48 +0530] "GET /css/Estyle.css HTTP/1.1" 200 2722 7
0:0:0:0:0:0:0:1 - - [08/Dec/2022:19:29:49 +0530] "GET /Eedu/compitation/RAS HTTP/1.1" 200 18710 47
0:0:0:0:0:0:0:1 - - [08/Dec/2022:19:29:49 +0530] "GET /css/Estyle.css HTTP/1.1" 200 2722 10
0:0:0:0:0:0:0:1 - - [08/Dec/2022:19:29:50 +0530] "GET /Eedu/showQuiz/RAS/English/ HTTP/1.1" 200 17609 55
0:0:0:0:0:0:0:1 - - [08/Dec/2022:19:29:50 +0530] "GET /css/Estyle.css HTTP/1.1" 200 2722 4
0:0:0:0:0:0:0:1 - - [08/Dec/2022:19:29:52 +0530] "GET /Eedu/compitation/RAS HTTP/1.1" 200 18710 51
0:0:0:0:0:0:0:1 - - [08/Dec/2022:19:29:52 +0530] "GET /css/Estyle.css HTTP/1.1" 200 2722 5
0:0:0:0:0:0:0:1 - - [08/Dec/2022:19:29:53 +0530] "GET /Eedu/showQuiz/RAS/Polity/ HTTP/1.1" 200 26122 41
0:0:0:0:0:0:0:1 - - [08/Dec/2022:19:29:53 +0530] "GET /css/Estyle.css HTTP/1.1" 200 2722 5
0:0:0:0:0:0:0:1 - - [08/Dec/2022:19:29:55 +0530] "GET /Eedu/startQuiz/RAS/Polity/3/ HTTP/1.1" 200 1076 55
0:0:0:0:0:0:0:1 - - [08/Dec/2022:19:29:55 +0530] "GET /js/quizScript.js HTTP/1.1" 200 93515 15
0:0:0:0:0:0:0:1 - - [08/Dec/2022:19:29:55 +0530] "GET /css/quiz.css HTTP/1.1" 200 154430 17
0:0:0:0:0:0:0:1 - - [08/Dec/2022:19:29:57 +0530] "GET /Eedu/showQuiz/RAS/Polity/ HTTP/1.1" 200 26122 72
0:0:0:0:0:0:0:1 - - [08/Dec/2022:19:29:57 +0530] "GET /css/Estyle.css HTTP/1.1" 200 2722 16
0:0:0:0:0:0:0:1 - - [08/Dec/2022:19:29:59 +0530] "GET /Eedu/compitation/RAS HTTP/1.1" 200 18710 85
0:0:0:0:0:0:0:1 - - [08/Dec/2022:19:29:59 +0530] "GET /css/Estyle.css HTTP/1.1" 200 2722 13
0:0:0:0:0:0:0:1 - - [08/Dec/2022:19:30:00 +0530] "GET /Eedu/showQuiz/RAS/hindi/ HTTP/1.1" 200 9081 70
0:0:0:0:0:0:0:1 - - [08/Dec/2022:19:30:00 +0530] "GET /css/Estyle.css HTTP/1.1" 200 2722 7
0:0:0:0:0:0:0:1 - - [08/Dec/2022:19:30:01 +0530] "GET /Eedu/startQuiz/RAS/hindi/1/ HTTP/1.1" 200 12783 114
0:0:0:0:0:0:0:1 - - [08/Dec/2022:19:30:01 +0530] "GET /js/quizScript.js HTTP/1.1" 200 93515 8
0:0:0:0:0:0:0:1 - - [08/Dec/2022:19:30:01 +0530] "GET /css/quiz.css HTTP/1.1" 200 154430 12
0:0:0:0:0:0:0:1 - - [08/Dec/2022:19:30:13 +0530] "GET /css/quiz.css HTTP/1.1" 200 154430 24
0:0:0:0:0:0:0:1 - - [08/Dec/2022:19:30:13 +0530] "GET /css/bootstrap.min.css.map HTTP/1.1" 404 157 21
0:0:0:0:0:0:0:1 - - [08/Dec/2022:19:40:08 +0530] "GET /css/bootstrap.min.css.map HTTP/1.1" 404 157 50
0:0:0:0:0:0:0:1 - - [08/Dec/2022:19:42:01 +0530] "GET /Eedu/showQuiz/RAS/hindi/ HTTP/1.1" 200 9081 103
0:0:0:0:0:0:0:1 - - [08/Dec/2022:19:42:01 +0530] "GET /css/Estyle.css HTTP/1.1" 200 2722 21
0:0:0:0:0:0:0:1 - - [08/Dec/2022:19:42:03 +0530] "GET /Eedu/compitation/RAS HTTP/1.1" 200 18710 85
0:0:0:0:0:0:0:1 - - [08/Dec/2022:19:42:03 +0530] "GET /css/Estyle.css HTTP/1.1" 200 2722 13
0:0:0:0:0:0:0:1 - - [08/Dec/2022:19:42:08 +0530] "GET /Eedu/ HTTP/1.1" 200 3421 116
0:0:0:0:0:0:0:1 - - [08/Dec/2022:19:42:08 +0530] "GET /css/Estyle.css HTTP/1.1" 200 2722 19
0:0:0:0:0:0:0:1 - - [08/Dec/2022:19:42:09 +0530] "GET /Eedu/startQuiz/RAS/English/2/ HTTP/1.1" 200 358 129
0:0:0:0:0:0:0:1 - - [08/Dec/2022:19:42:12 +0530] "GET /Eedu/ HTTP/1.1" 200 3421 50
0:0:0:0:0:0:0:1 - - [08/Dec/2022:19:42:12 +0530] "GET /css/Estyle.css HTTP/1.1" 200 2722 16
0:0:0:0:0:0:0:1 - - [08/Dec/2022:19:42:21 +0530] "GET /Eedu/compitation/RAS HTTP/1.1" 200 18710 41
0:0:0:0:0:0:0:1 - - [08/Dec/2022:19:42:21 +0530] "GET /css/Estyle.css HTTP/1.1" 200 2722 8
0:0:0:0:0:0:0:1 - - [08/Dec/2022:19:42:23 +0530] "GET /Eedu/showQuiz/RAS/Polity/ HTTP/1.1" 200 26122 46
0:0:0:0:0:0:0:1 - - [08/Dec/2022:19:42:23 +0530] "GET /css/Estyle.css HTTP/1.1" 200 2722 10
0:0:0:0:0:0:0:1 - - [08/Dec/2022:19:42:23 +0530] "GET /Eedu/startQuiz/RAS/Polity/3/ HTTP/1.1" 200 1076 47
0:0:0:0:0:0:0:1 - - [08/Dec/2022:19:42:23 +0530] "GET /js/quizScript.js HTTP/1.1" 200 93515 6
0:0:0:0:0:0:0:1 - - [08/Dec/2022:19:42:23 +0530] "GET /css/quiz.css HTTP/1.1" 200 154430 6
0:0:0:0:0:0:0:1 - - [08/Dec/2022:19:42:25 +0530] "GET /Eedu/showQuiz/RAS/Polity/ HTTP/1.1" 200 26122 61
0:0:0:0:0:0:0:1 - - [08/Dec/2022:19:42:25 +0530] "GET /css/Estyle.css HTTP/1.1" 200 2722 6
0:0:0:0:0:0:0:1 - - [08/Dec/2022:19:42:26 +0530] "GET /Eedu/startQuiz/RAS/Polity/2/ HTTP/1.1" 200 1076 47
0:0:0:0:0:0:0:1 - - [08/Dec/2022:19:42:26 +0530] "GET /css/quiz.css HTTP/1.1" 200 154430 6
0:0:0:0:0:0:0:1 - - [08/Dec/2022:19:42:26 +0530] "GET /js/quizScript.js HTTP/1.1" 200 93515 5
0:0:0:0:0:0:0:1 - - [08/Dec/2022:19:42:27 +0530] "GET /Eedu/showQuiz/RAS/Polity/ HTTP/1.1" 200 26122 36
0:0:0:0:0:0:0:1 - - [08/Dec/2022:19:42:27 +0530] "GET /css/Estyle.css HTTP/1.1" 200 2722 15
0:0:0:0:0:0:0:1 - - [08/Dec/2022:19:42:28 +0530] "GET /Eedu/startQuiz/RAS/Polity/1/ HTTP/1.1" 200 358 57
0:0:0:0:0:0:0:1 - - [08/Dec/2022:19:42:30 +0530] "GET /Eedu/showQuiz/RAS/Polity/ HTTP/1.1" 200 26122 44
0:0:0:0:0:0:0:1 - - [08/Dec/2022:19:42:30 +0530] "GET /css/Estyle.css HTTP/1.1" 200 2722 6
0:0:0:0:0:0:0:1 - - [08/Dec/2022:19:42:31 +0530] "GET /Eedu/compitation/RAS HTTP/1.1" 200 18710 48
0:0:0:0:0:0:0:1 - - [08/Dec/2022:19:42:31 +0530] "GET /css/Estyle.css HTTP/1.1" 200 2722 10
0:0:0:0:0:0:0:1 - - [08/Dec/2022:19:42:34 +0530] "GET /Eedu/showQuiz/RAS/hindi/ HTTP/1.1" 200 9081 41
0:0:0:0:0:0:0:1 - - [08/Dec/2022:19:42:34 +0530] "GET /css/Estyle.css HTTP/1.1" 200 2722 4
0:0:0:0:0:0:0:1 - - [08/Dec/2022:19:42:35 +0530] "GET /Eedu/startQuiz/RAS/hindi/1/ HTTP/1.1" 200 12783 73
0:0:0:0:0:0:0:1 - - [08/Dec/2022:19:42:35 +0530] "GET /js/quizScript.js HTTP/1.1" 200 93515 3
0:0:0:0:0:0:0:1 - - [08/Dec/2022:19:42:35 +0530] "GET /css/quiz.css HTTP/1.1" 200 154430 4
0:0:0:0:0:0:0:1 - - [08/Dec/2022:19:42:40 +0530] "POST /Eedu/saveQuiz/RAS/hindi/1/ HTTP/1.1" 200 1601 169
0:0:0:0:0:0:0:1 - - [08/Dec/2022:19:42:40 +0530] "GET /css/SuccessStyle.css HTTP/1.1" 200 7068 8
0:0:0:0:0:0:0:1 - - [08/Dec/2022:19:42:40 +0530] "GET /js/SuccessJs.js HTTP/1.1" 200 84347 8
0:0:0:0:0:0:0:1 - - [08/Dec/2022:19:42:46 +0530] "GET /css/SuccessStyle.css HTTP/1.1" 200 7068 13
0:0:0:0:0:0:0:1 - - [08/Dec/2022:19:43:44 +0530] "GET /css/https HTTP/1.1" 404 141 37
0:0:0:0:0:0:0:1 - - [08/Dec/2022:19:43:44 +0530] "GET /css/http HTTP/1.1" 404 140 52
0:0:0:0:0:0:0:1 - - [08/Dec/2022:19:43:45 +0530] "GET /css/htt HTTP/1.1" 404 139 39
0:0:0:0:0:0:0:1 - - [08/Dec/2022:19:43:45 +0530] "GET /css/ht HTTP/1.1" 404 138 24
0:0:0:0:0:0:0:1 - - [08/Dec/2022:19:43:45 +0530] "GET /css/h HTTP/1.1" 404 137 21
0:0:0:0:0:0:0:1 - - [08/Dec/2022:19:43:46 +0530] "GET /css/SuccessStyle.css HTTP/1.1" 200 7068 18
0:0:0:0:0:0:0:1 - - [08/Dec/2022:19:48:33 +0530] "GET /Eedu/startQuiz/RAS/hindi/1/ HTTP/1.1" 200 358 160
0:0:0:0:0:0:0:1 - - [08/Dec/2022:19:48:34 +0530] "GET /Eedu/showQuiz/RAS/hindi/ HTTP/1.1" 200 9081 59
0:0:0:0:0:0:0:1 - - [08/Dec/2022:19:48:34 +0530] "GET /css/Estyle.css HTTP/1.1" 200 2722 8
0:0:0:0:0:0:0:1 - - [08/Dec/2022:19:48:43 +0530] "GET /css/Estyle.css HTTP/1.1" 200 2722 21
0:0:0:0:0:0:0:1 - - [08/Dec/2022:19:49:57 +0530] "GET / HTTP/1.1" 200 12598 2730
0:0:0:0:0:0:0:1 - - [08/Dec/2022:19:49:57 +0530] "GET /js/home.js HTTP/1.1" 200 99633 81
0:0:0:0:0:0:0:1 - - [08/Dec/2022:19:49:57 +0530] "GET /css/home.css HTTP/1.1" 200 18368 82
0:0:0:0:0:0:0:1 - - [08/Dec/2022:19:49:57 +0530] "GET /favicon.ico HTTP/1.1" 302 - 45
0:0:0:0:0:0:0:1 - - [08/Dec/2022:19:49:57 +0530] "GET /login HTTP/1.1" 200 3215 41
0:0:0:0:0:0:0:1 - - [08/Dec/2022:19:49:59 +0530] "GET /Eedu/ HTTP/1.1" 302 - 79
0:0:0:0:0:0:0:1 - - [08/Dec/2022:19:49:59 +0530] "GET /login HTTP/1.1" 200 3215 34
0:0:0:0:0:0:0:1 - - [08/Dec/2022:19:49:59 +0530] "GET /js/sb-admin-2.min.js HTTP/1.1" 200 1106 70
0:0:0:0:0:0:0:1 - - [08/Dec/2022:19:49:59 +0530] "GET /vendor/jquery/jquery.min.js HTTP/1.1" 200 86927 108
0:0:0:0:0:0:0:1 - - [08/Dec/2022:19:49:59 +0530] "GET /vendor/jquery-easing/jquery.easing.min.js HTTP/1.1" 200 2532 101
0:0:0:0:0:0:0:1 - - [08/Dec/2022:19:49:59 +0530] "GET /vendor/bootstrap/js/bootstrap.bundle.min.js HTTP/1.1" 200 78635 100
0:0:0:0:0:0:0:1 - - [08/Dec/2022:19:49:59 +0530] "GET /vendor/fontawesome-free/css/all.min.css HTTP/1.1" 200 68848 118
0:0:0:0:0:0:0:1 - - [08/Dec/2022:19:49:59 +0530] "GET /css/sb-admin-2.min.css HTTP/1.1" 200 256663 118
0:0:0:0:0:0:0:1 - - [08/Dec/2022:19:49:59 +0530] "GET /img/SDIcon.ico HTTP/1.1" 404 146 82
0:0:0:0:0:0:0:1 - - [08/Dec/2022:19:50:05 +0530] "POST /login HTTP/1.1" 302 - 381
0:0:0:0:0:0:0:1 - - [08/Dec/2022:19:50:05 +0530] "GET / HTTP/1.1" 200 12598 44
0:0:0:0:0:0:0:1 - - [08/Dec/2022:19:50:05 +0530] "GET /js/home.js HTTP/1.1" 200 99633 24
0:0:0:0:0:0:0:1 - - [08/Dec/2022:19:50:05 +0530] "GET /css/home.css HTTP/1.1" 200 18368 24
0:0:0:0:0:0:0:1 - - [08/Dec/2022:19:50:05 +0530] "GET /favicon.ico HTTP/1.1" 200 946 34
0:0:0:0:0:0:0:1 - - [08/Dec/2022:19:50:08 +0530] "GET /Eedu/ HTTP/1.1" 200 3421 146
0:0:0:0:0:0:0:1 - - [08/Dec/2022:19:50:08 +0530] "GET /css/Estyle.css HTTP/1.1" 200 2722 11
0:0:0:0:0:0:0:1 - - [08/Dec/2022:19:50:09 +0530] "GET /Eedu/compitation/RAS HTTP/1.1" 200 18710 136
0:0:0:0:0:0:0:1 - - [08/Dec/2022:19:50:09 +0530] "GET /css/Estyle.css HTTP/1.1" 200 2722 15
0:0:0:0:0:0:0:1 - - [08/Dec/2022:19:50:14 +0530] "GET /Eedu/showQuiz/RAS/hindi/ HTTP/1.1" 200 9081 107
0:0:0:0:0:0:0:1 - - [08/Dec/2022:19:50:14 +0530] "GET /css/Estyle.css HTTP/1.1" 200 2722 10
0:0:0:0:0:0:0:1 - - [08/Dec/2022:19:50:15 +0530] "GET /Eedu/startQuiz/RAS/hindi/1/ HTTP/1.1" 200 358 76
0:0:0:0:0:0:0:1 - - [08/Dec/2022:19:50:16 +0530] "GET /Eedu/showQuiz/RAS/hindi/ HTTP/1.1" 200 9081 63
0:0:0:0:0:0:0:1 - - [08/Dec/2022:19:50:16 +0530] "GET /css/Estyle.css HTTP/1.1" 200 2722 6
0:0:0:0:0:0:0:1 - - [08/Dec/2022:19:50:18 +0530] "GET /Eedu/compitation/RAS HTTP/1.1" 200 18710 67
0:0:0:0:0:0:0:1 - - [08/Dec/2022:19:50:18 +0530] "GET /css/Estyle.css HTTP/1.1" 200 2722 14
0:0:0:0:0:0:0:1 - - [08/Dec/2022:19:50:19 +0530] "GET /Eedu/showQuiz/RAS/English/ HTTP/1.1" 200 17609 56
0:0:0:0:0:0:0:1 - - [08/Dec/2022:19:50:19 +0530] "GET /css/Estyle.css HTTP/1.1" 200 2722 6
0:0:0:0:0:0:0:1 - - [08/Dec/2022:19:50:21 +0530] "GET /Eedu/startQuiz/RAS/English/2/ HTTP/1.1" 200 358 64
0:0:0:0:0:0:0:1 - - [08/Dec/2022:19:50:22 +0530] "GET /Eedu/ HTTP/1.1" 200 3421 35
0:0:0:0:0:0:0:1 - - [08/Dec/2022:19:50:22 +0530] "GET /css/Estyle.css HTTP/1.1" 200 2722 9
0:0:0:0:0:0:0:1 - - [08/Dec/2022:19:50:23 +0530] "GET /Eedu/compitation/RAS HTTP/1.1" 200 18710 54
0:0:0:0:0:0:0:1 - - [08/Dec/2022:19:50:23 +0530] "GET /css/Estyle.css HTTP/1.1" 200 2722 6
0:0:0:0:0:0:0:1 - - [08/Dec/2022:19:50:25 +0530] "GET /Eedu/showQuiz/RAS/Polity/ HTTP/1.1" 200 26122 40
0:0:0:0:0:0:0:1 - - [08/Dec/2022:19:50:25 +0530] "GET /css/Estyle.css HTTP/1.1" 200 2722 5
0:0:0:0:0:0:0:1 - - [08/Dec/2022:19:50:26 +0530] "GET /Eedu/startQuiz/RAS/Polity/3/ HTTP/1.1" 200 1066 82
0:0:0:0:0:0:0:1 - - [08/Dec/2022:19:50:26 +0530] "GET /js/quizScript.js HTTP/1.1" 200 93515 23
0:0:0:0:0:0:0:1 - - [08/Dec/2022:19:50:26 +0530] "GET /css/quiz.css HTTP/1.1" 200 154436 23
0:0:0:0:0:0:0:1 - - [08/Dec/2022:19:50:30 +0530] "POST /Eedu/saveQuiz/RAS/Polity/3/ HTTP/1.1" 500 318 195
0:0:0:0:0:0:0:1 - - [08/Dec/2022:19:50:31 +0530] "GET /Eedu/startQuiz/RAS/Polity/3/ HTTP/1.1" 200 1066 77
0:0:0:0:0:0:0:1 - - [08/Dec/2022:19:50:31 +0530] "GET /js/quizScript.js HTTP/1.1" 200 93515 16
0:0:0:0:0:0:0:1 - - [08/Dec/2022:19:50:31 +0530] "GET /css/quiz.css HTTP/1.1" 200 154436 18
0:0:0:0:0:0:0:1 - - [08/Dec/2022:19:50:32 +0530] "GET /Eedu/showQuiz/RAS/Polity/ HTTP/1.1" 200 26122 46
0:0:0:0:0:0:0:1 - - [08/Dec/2022:19:50:32 +0530] "GET /css/Estyle.css HTTP/1.1" 200 2722 12
0:0:0:0:0:0:0:1 - - [08/Dec/2022:19:50:34 +0530] "GET /Eedu/startQuiz/RAS/Polity/2/ HTTP/1.1" 200 1066 62
0:0:0:0:0:0:0:1 - - [08/Dec/2022:19:50:34 +0530] "GET /css/quiz.css HTTP/1.1" 200 154436 6
0:0:0:0:0:0:0:1 - - [08/Dec/2022:19:50:34 +0530] "GET /js/quizScript.js HTTP/1.1" 200 93515 6
0:0:0:0:0:0:0:1 - - [08/Dec/2022:19:50:36 +0530] "GET /Eedu/showQuiz/RAS/Polity/ HTTP/1.1" 200 26122 57
0:0:0:0:0:0:0:1 - - [08/Dec/2022:19:50:36 +0530] "GET /css/Estyle.css HTTP/1.1" 200 2722 14
0:0:0:0:0:0:0:1 - - [08/Dec/2022:19:50:37 +0530] "GET /Eedu/startQuiz/RAS/Polity/1/ HTTP/1.1" 200 358 38
0:0:0:0:0:0:0:1 - - [08/Dec/2022:19:50:38 +0530] "GET /Eedu/ HTTP/1.1" 200 3421 29
0:0:0:0:0:0:0:1 - - [08/Dec/2022:19:50:38 +0530] "GET /css/Estyle.css HTTP/1.1" 200 2722 6
0:0:0:0:0:0:0:1 - - [08/Dec/2022:19:50:39 +0530] "GET /Eedu/compitation/RAS HTTP/1.1" 200 18710 41
0:0:0:0:0:0:0:1 - - [08/Dec/2022:19:50:39 +0530] "GET /css/Estyle.css HTTP/1.1" 200 2722 6
0:0:0:0:0:0:0:1 - - [08/Dec/2022:19:50:52 +0530] "GET /Admin/ HTTP/1.1" 200 17402 46
0:0:0:0:0:0:0:1 - - [08/Dec/2022:19:50:52 +0530] "GET /css/Estyle.css HTTP/1.1" 200 2722 14
0:0:0:0:0:0:0:1 - - [08/Dec/2022:19:50:53 +0530] "GET /Admin/compitation/RAS HTTP/1.1" 200 8456 97
0:0:0:0:0:0:0:1 - - [08/Dec/2022:19:50:53 +0530] "GET /css/Estyle.css HTTP/1.1" 200 2722 14
0:0:0:0:0:0:0:1 - - [08/Dec/2022:19:50:55 +0530] "GET /Admin/createQuiz/RAS/hindi HTTP/1.1" 200 14754 161
0:0:0:0:0:0:0:1 - - [08/Dec/2022:19:50:55 +0530] "GET /js/sb-admin-2.min.js HTTP/1.1" 200 1106 45
0:0:0:0:0:0:0:1 - - [08/Dec/2022:19:50:55 +0530] "GET /vendor/jquery-easing/jquery.easing.min.js HTTP/1.1" 200 2532 49
0:0:0:0:0:0:0:1 - - [08/Dec/2022:19:50:55 +0530] "GET /css/sb-admin-2.min.css HTTP/1.1" 200 256663 51
0:0:0:0:0:0:0:1 - - [08/Dec/2022:19:50:55 +0530] "GET /vendor/fontawesome-free/css/all.min.css HTTP/1.1" 200 68848 52
0:0:0:0:0:0:0:1 - - [08/Dec/2022:19:50:55 +0530] "GET /vendor/jquery/jquery.min.js HTTP/1.1" 200 86927 51
0:0:0:0:0:0:0:1 - - [08/Dec/2022:19:50:55 +0530] "GET /vendor/bootstrap/js/bootstrap.bundle.min.js HTTP/1.1" 200 78635 50
0:0:0:0:0:0:0:1 - - [08/Dec/2022:19:50:55 +0530] "GET /js/template.js HTTP/1.1" 200 - 14
0:0:0:0:0:0:0:1 - - [08/Dec/2022:19:51:07 +0530] "POST /Admin/saveQuiz HTTP/1.1" 302 - 213
0:0:0:0:0:0:0:1 - - [08/Dec/2022:19:51:07 +0530] "GET /Admin/ HTTP/1.1" 200 17402 70
0:0:0:0:0:0:0:1 - - [08/Dec/2022:19:51:07 +0530] "GET /css/Estyle.css HTTP/1.1" 200 2722 22
0:0:0:0:0:0:0:1 - - [08/Dec/2022:19:51:13 +0530] "GET /Eedu/ HTTP/1.1" 200 3421 82
0:0:0:0:0:0:0:1 - - [08/Dec/2022:19:51:13 +0530] "GET /css/Estyle.css HTTP/1.1" 200 2722 21
0:0:0:0:0:0:0:1 - - [08/Dec/2022:19:51:14 +0530] "GET /Eedu/compitation/RAS HTTP/1.1" 200 18710 93
0:0:0:0:0:0:0:1 - - [08/Dec/2022:19:51:14 +0530] "GET /css/Estyle.css HTTP/1.1" 200 2722 21
0:0:0:0:0:0:0:1 - - [08/Dec/2022:19:51:15 +0530] "GET /Eedu/showQuiz/RAS/hindi/ HTTP/1.1" 200 17597 72
0:0:0:0:0:0:0:1 - - [08/Dec/2022:19:51:15 +0530] "GET /css/Estyle.css HTTP/1.1" 200 2722 7
0:0:0:0:0:0:0:1 - - [08/Dec/2022:19:51:17 +0530] "GET /Eedu/startQuiz/RAS/hindi/2/ HTTP/1.1" 200 12773 120
0:0:0:0:0:0:0:1 - - [08/Dec/2022:19:51:17 +0530] "GET /css/quiz.css HTTP/1.1" 200 154436 17
0:0:0:0:0:0:0:1 - - [08/Dec/2022:19:51:17 +0530] "GET /js/quizScript.js HTTP/1.1" 200 93515 13
0:0:0:0:0:0:0:1 - - [08/Dec/2022:19:51:26 +0530] "GET /css/quiz.css HTTP/1.1" 200 154436 23
0:0:0:0:0:0:0:1 - - [08/Dec/2022:19:51:26 +0530] "GET /css/bootstrap.min.css.map HTTP/1.1" 404 157 28
0:0:0:0:0:0:0:1 - - [08/Dec/2022:19:51:37 +0530] "POST /Eedu/saveQuiz/RAS/hindi/2/ HTTP/1.1" 200 1601 128
0:0:0:0:0:0:0:1 - - [08/Dec/2022:19:51:37 +0530] "GET /css/SuccessStyle.css HTTP/1.1" 200 6950 10
0:0:0:0:0:0:0:1 - - [08/Dec/2022:19:51:37 +0530] "GET /js/SuccessJs.js HTTP/1.1" 200 84347 10
0:0:0:0:0:0:0:1 - - [08/Dec/2022:19:51:41 +0530] "GET /Eedu/showQuiz/RAS/hindi/ HTTP/1.1" 200 17597 57
0:0:0:0:0:0:0:1 - - [08/Dec/2022:19:51:41 +0530] "GET /css/Estyle.css HTTP/1.1" 200 2722 5
0:0:0:0:0:0:0:1 - - [08/Dec/2022:19:59:09 +0530] "GET / HTTP/1.1" 200 12601 2578
0:0:0:0:0:0:0:1 - - [08/Dec/2022:19:59:09 +0530] "GET /js/home.js HTTP/1.1" 200 99633 67
0:0:0:0:0:0:0:1 - - [08/Dec/2022:19:59:09 +0530] "GET /css/home.css HTTP/1.1" 200 77574 68
0:0:0:0:0:0:0:1 - - [08/Dec/2022:19:59:09 +0530] "GET /favicon.ico HTTP/1.1" 302 - 39
0:0:0:0:0:0:0:1 - - [08/Dec/2022:19:59:09 +0530] "GET /login HTTP/1.1" 200 3215 84
0:0:0:0:0:0:0:1 - - [08/Dec/2022:19:59:11 +0530] "GET /Eedu/ HTTP/1.1" 302 - 53
0:0:0:0:0:0:0:1 - - [08/Dec/2022:19:59:11 +0530] "GET /login HTTP/1.1" 200 3215 22
0:0:0:0:0:0:0:1 - - [08/Dec/2022:19:59:11 +0530] "GET /vendor/jquery-easing/jquery.easing.min.js HTTP/1.1" 200 2532 46
0:0:0:0:0:0:0:1 - - [08/Dec/2022:19:59:11 +0530] "GET /js/sb-admin-2.min.js HTTP/1.1" 200 1106 48
0:0:0:0:0:0:0:1 - - [08/Dec/2022:19:59:11 +0530] "GET /vendor/jquery/jquery.min.js HTTP/1.1" 200 86927 53
0:0:0:0:0:0:0:1 - - [08/Dec/2022:19:59:11 +0530] "GET /css/sb-admin-2.min.css HTTP/1.1" 200 256663 53
0:0:0:0:0:0:0:1 - - [08/Dec/2022:19:59:11 +0530] "GET /vendor/bootstrap/js/bootstrap.bundle.min.js HTTP/1.1" 200 78635 48
0:0:0:0:0:0:0:1 - - [08/Dec/2022:19:59:11 +0530] "GET /vendor/fontawesome-free/css/all.min.css HTTP/1.1" 200 68848 68
0:0:0:0:0:0:0:1 - - [08/Dec/2022:19:59:12 +0530] "GET /img/SDIcon.ico HTTP/1.1" 404 146 116
0:0:0:0:0:0:0:1 - - [08/Dec/2022:19:59:18 +0530] "POST /login HTTP/1.1" 302 - 368
0:0:0:0:0:0:0:1 - - [08/Dec/2022:19:59:18 +0530] "GET / HTTP/1.1" 200 12601 44
0:0:0:0:0:0:0:1 - - [08/Dec/2022:19:59:18 +0530] "GET /css/home.css HTTP/1.1" 200 77574 25
0:0:0:0:0:0:0:1 - - [08/Dec/2022:19:59:18 +0530] "GET /js/home.js HTTP/1.1" 200 99633 25
0:0:0:0:0:0:0:1 - - [08/Dec/2022:19:59:18 +0530] "GET /favicon.ico HTTP/1.1" 200 946 26
0:0:0:0:0:0:0:1 - - [08/Dec/2022:20:03:39 +0530] "GET / HTTP/1.1" 200 22898 3049
0:0:0:0:0:0:0:1 - - [08/Dec/2022:20:03:39 +0530] "GET /css/home.css HTTP/1.1" 200 84817 53
0:0:0:0:0:0:0:1 - - [08/Dec/2022:20:03:40 +0530] "GET /script.js HTTP/1.1" 302 - 64
0:0:0:0:0:0:0:1 - - [08/Dec/2022:20:03:40 +0530] "GET /login HTTP/1.1" 200 3215 42
0:0:0:0:0:0:0:1 - - [08/Dec/2022:20:03:48 +0530] "GET /favicon.ico HTTP/1.1" 302 - 27
0:0:0:0:0:0:0:1 - - [08/Dec/2022:20:03:48 +0530] "GET /login HTTP/1.1" 200 3215 45
0:0:0:0:0:0:0:1 - - [08/Dec/2022:20:14:53 +0530] "GET / HTTP/1.1" 500 405 559
0:0:0:0:0:0:0:1 - - [08/Dec/2022:20:14:53 +0530] "GET /favicon.ico HTTP/1.1" 302 - 19
0:0:0:0:0:0:0:1 - - [08/Dec/2022:20:14:54 +0530] "GET / HTTP/1.1" 500 405 89
0:0:0:0:0:0:0:1 - - [08/Dec/2022:20:14:54 +0530] "GET /favicon.ico HTTP/1.1" 302 - 9
0:0:0:0:0:0:0:1 - - [08/Dec/2022:20:14:55 +0530] "GET /login HTTP/1.1" 200 3215 1968
0:0:0:0:0:0:0:1 - - [08/Dec/2022:20:14:55 +0530] "GET /login HTTP/1.1" 200 3215 2374
0:0:0:0:0:0:0:1 - - [08/Dec/2022:20:14:56 +0530] "GET / HTTP/1.1" 500 405 56
0:0:0:0:0:0:0:1 - - [08/Dec/2022:20:14:56 +0530] "GET /favicon.ico HTTP/1.1" 302 - 8
0:0:0:0:0:0:0:1 - - [08/Dec/2022:20:14:56 +0530] "GET /login HTTP/1.1" 200 3215 12
0:0:0:0:0:0:0:1 - - [08/Dec/2022:20:14:58 +0530] "GET / HTTP/1.1" 500 405 66
0:0:0:0:0:0:0:1 - - [08/Dec/2022:20:14:58 +0530] "GET /favicon.ico HTTP/1.1" 302 - 10
0:0:0:0:0:0:0:1 - - [08/Dec/2022:20:14:58 +0530] "GET /login HTTP/1.1" 200 3215 21
0:0:0:0:0:0:0:1 - - [08/Dec/2022:20:15:23 +0530] "GET / HTTP/1.1" 500 405 115
0:0:0:0:0:0:0:1 - - [08/Dec/2022:20:15:23 +0530] "GET /favicon.ico HTTP/1.1" 302 - 13
0:0:0:0:0:0:0:1 - - [08/Dec/2022:20:15:23 +0530] "GET /login HTTP/1.1" 200 3215 32
0:0:0:0:0:0:0:1 - - [08/Dec/2022:20:15:25 +0530] "GET / HTTP/1.1" 500 405 32
0:0:0:0:0:0:0:1 - - [08/Dec/2022:20:15:25 +0530] "GET /favicon.ico HTTP/1.1" 302 - 5
0:0:0:0:0:0:0:1 - - [08/Dec/2022:20:15:25 +0530] "GET /login HTTP/1.1" 200 3215 11
0:0:0:0:0:0:0:1 - - [08/Dec/2022:20:16:43 +0530] "GET / HTTP/1.1" 200 8587 2446
0:0:0:0:0:0:0:1 - - [08/Dec/2022:20:16:43 +0530] "GET /css/home.css HTTP/1.1" 200 25658 92
0:0:0:0:0:0:0:1 - - [08/Dec/2022:20:16:43 +0530] "GET /js/home.js HTTP/1.1" 200 143799 101
0:0:0:0:0:0:0:1 - - [08/Dec/2022:20:16:43 +0530] "GET /img/nick-morrison-FHnnjk1Yj7Y-unsplash%20(1).jpg HTTP/1.1" 200 1084438 106
0:0:0:0:0:0:0:1 - - [08/Dec/2022:20:16:43 +0530] "GET /favicon.ico HTTP/1.1" 302 - 47
0:0:0:0:0:0:0:1 - - [08/Dec/2022:20:16:43 +0530] "GET /login HTTP/1.1" 200 3215 56
0:0:0:0:0:0:0:1 - - [08/Dec/2022:20:19:48 +0530] "GET / HTTP/1.1" 200 8947 3203
0:0:0:0:0:0:0:1 - - [08/Dec/2022:20:19:48 +0530] "GET /js/home.js HTTP/1.1" 200 143799 84
0:0:0:0:0:0:0:1 - - [08/Dec/2022:20:19:48 +0530] "GET /img/nick-morrison-FHnnjk1Yj7Y-unsplash%20(1).jpg HTTP/1.1" 200 1084438 85
0:0:0:0:0:0:0:1 - - [08/Dec/2022:20:19:48 +0530] "GET /css/home.css HTTP/1.1" 200 25658 85
0:0:0:0:0:0:0:1 - - [08/Dec/2022:20:19:48 +0530] "GET /favicon.ico HTTP/1.1" 302 - 35
0:0:0:0:0:0:0:1 - - [08/Dec/2022:20:19:48 +0530] "GET /login HTTP/1.1" 200 3215 43
0:0:0:0:0:0:0:1 - - [08/Dec/2022:20:19:54 +0530] "GET /css/home.css HTTP/1.1" 200 25658 83
0:0:0:0:0:0:0:1 - - [08/Dec/2022:20:19:54 +0530] "GET /css/normalize.min.css.map HTTP/1.1" 404 157 100
0:0:0:0:0:0:0:1 - - [08/Dec/2022:20:19:54 +0530] "GET /js/swiper-bundle.min.js.map HTTP/1.1" 404 159 168
0:0:0:0:0:0:0:1 - - [08/Dec/2022:20:20:56 +0530] "GET /css/normalize.min.css.map HTTP/1.1" 404 157 65
0:0:0:0:0:0:0:1 - - [08/Dec/2022:20:21:39 +0530] "GET /css/normalize.min.css.map HTTP/1.1" 404 157 62
0:0:0:0:0:0:0:1 - - [08/Dec/2022:20:22:48 +0530] "GET / HTTP/1.1" 200 8947 127
0:0:0:0:0:0:0:1 - - [08/Dec/2022:20:22:48 +0530] "GET /css/home.css HTTP/1.1" 200 25658 51
0:0:0:0:0:0:0:1 - - [08/Dec/2022:20:22:48 +0530] "GET /js/home.js HTTP/1.1" 200 143799 48
0:0:0:0:0:0:0:1 - - [08/Dec/2022:20:22:48 +0530] "GET /img/nick-morrison-FHnnjk1Yj7Y-unsplash%20(1).jpg HTTP/1.1" 200 1084438 66
0:0:0:0:0:0:0:1 - - [08/Dec/2022:20:22:48 +0530] "GET /favicon.ico HTTP/1.1" 302 - 12
0:0:0:0:0:0:0:1 - - [08/Dec/2022:20:22:48 +0530] "GET /login HTTP/1.1" 200 3215 22
0:0:0:0:0:0:0:1 - - [08/Dec/2022:20:22:50 +0530] "GET /Eedu/ HTTP/1.1" 302 - 53
0:0:0:0:0:0:0:1 - - [08/Dec/2022:20:22:50 +0530] "GET /login HTTP/1.1" 200 3215 21
0:0:0:0:0:0:0:1 - - [08/Dec/2022:20:22:50 +0530] "GET /vendor/jquery-easing/jquery.easing.min.js HTTP/1.1" 200 2532 31
0:0:0:0:0:0:0:1 - - [08/Dec/2022:20:22:50 +0530] "GET /vendor/bootstrap/js/bootstrap.bundle.min.js HTTP/1.1" 200 78635 39
0:0:0:0:0:0:0:1 - - [08/Dec/2022:20:22:50 +0530] "GET /js/sb-admin-2.min.js HTTP/1.1" 200 1106 31
0:0:0:0:0:0:0:1 - - [08/Dec/2022:20:22:50 +0530] "GET /vendor/jquery/jquery.min.js HTTP/1.1" 200 86927 38
0:0:0:0:0:0:0:1 - - [08/Dec/2022:20:22:50 +0530] "GET /vendor/fontawesome-free/css/all.min.css HTTP/1.1" 200 68848 50
0:0:0:0:0:0:0:1 - - [08/Dec/2022:20:22:50 +0530] "GET /css/sb-admin-2.min.css HTTP/1.1" 200 256663 43
0:0:0:0:0:0:0:1 - - [08/Dec/2022:20:22:50 +0530] "GET /img/SDIcon.ico HTTP/1.1" 404 146 22
0:0:0:0:0:0:0:1 - - [08/Dec/2022:20:22:53 +0530] "GET / HTTP/1.1" 200 8947 62
0:0:0:0:0:0:0:1 - - [08/Dec/2022:20:22:53 +0530] "GET /js/home.js HTTP/1.1" 200 143799 19
0:0:0:0:0:0:0:1 - - [08/Dec/2022:20:22:53 +0530] "GET /css/home.css HTTP/1.1" 200 25658 29
0:0:0:0:0:0:0:1 - - [08/Dec/2022:20:22:53 +0530] "GET /img/nick-morrison-FHnnjk1Yj7Y-unsplash%20(1).jpg HTTP/1.1" 200 1084438 56
0:0:0:0:0:0:0:1 - - [08/Dec/2022:20:22:53 +0530] "GET /favicon.ico HTTP/1.1" 302 - 11
0:0:0:0:0:0:0:1 - - [08/Dec/2022:20:22:53 +0530] "GET /login HTTP/1.1" 200 3215 16
0:0:0:0:0:0:0:1 - - [08/Dec/2022:20:22:54 +0530] "GET /login HTTP/1.1" 200 3215 44
0:0:0:0:0:0:0:1 - - [08/Dec/2022:20:22:54 +0530] "GET /js/sb-admin-2.min.js HTTP/1.1" 200 1106 32
0:0:0:0:0:0:0:1 - - [08/Dec/2022:20:22:54 +0530] "GET /vendor/jquery/jquery.min.js HTTP/1.1" 200 86927 32
0:0:0:0:0:0:0:1 - - [08/Dec/2022:20:22:54 +0530] "GET /css/sb-admin-2.min.css HTTP/1.1" 200 256663 32
0:0:0:0:0:0:0:1 - - [08/Dec/2022:20:22:54 +0530] "GET /vendor/fontawesome-free/css/all.min.css HTTP/1.1" 200 68848 43
0:0:0:0:0:0:0:1 - - [08/Dec/2022:20:22:54 +0530] "GET /vendor/jquery-easing/jquery.easing.min.js HTTP/1.1" 200 2532 43
0:0:0:0:0:0:0:1 - - [08/Dec/2022:20:22:54 +0530] "GET /vendor/bootstrap/js/bootstrap.bundle.min.js HTTP/1.1" 200 78635 44
0:0:0:0:0:0:0:1 - - [08/Dec/2022:20:22:56 +0530] "GET / HTTP/1.1" 200 8947 99
0:0:0:0:0:0:0:1 - - [08/Dec/2022:20:22:56 +0530] "GET /js/home.js HTTP/1.1" 200 143799 9
0:0:0:0:0:0:0:1 - - [08/Dec/2022:20:22:56 +0530] "GET /css/home.css HTTP/1.1" 200 25658 9
0:0:0:0:0:0:0:1 - - [08/Dec/2022:20:22:56 +0530] "GET /favicon.ico HTTP/1.1" 302 - 11
0:0:0:0:0:0:0:1 - - [08/Dec/2022:20:22:56 +0530] "GET /login HTTP/1.1" 200 3215 10
0:0:0:0:0:0:0:1 - - [08/Dec/2022:20:22:57 +0530] "GET /user/create HTTP/1.1" 200 7376 155
0:0:0:0:0:0:0:1 - - [08/Dec/2022:20:22:57 +0530] "GET /vendor/jquery/jquery.min.js HTTP/1.1" 200 86927 45
0:0:0:0:0:0:0:1 - - [08/Dec/2022:20:22:57 +0530] "GET /vendor/jquery-easing/jquery.easing.min.js HTTP/1.1" 200 2532 46
0:0:0:0:0:0:0:1 - - [08/Dec/2022:20:22:57 +0530] "GET /js/sb-admin-2.min.js HTTP/1.1" 200 1106 48
0:0:0:0:0:0:0:1 - - [08/Dec/2022:20:22:57 +0530] "GET /vendor/bootstrap/js/bootstrap.bundle.min.js HTTP/1.1" 200 78635 49
0:0:0:0:0:0:0:1 - - [08/Dec/2022:20:22:57 +0530] "GET /vendor/fontawesome-free/css/all.min.css HTTP/1.1" 200 68848 50
0:0:0:0:0:0:0:1 - - [08/Dec/2022:20:22:57 +0530] "GET /css/sb-admin-2.min.css HTTP/1.1" 200 256663 57
0:0:0:0:0:0:0:1 - - [08/Dec/2022:20:22:57 +0530] "GET /js/template.js HTTP/1.1" 200 - 12
0:0:0:0:0:0:0:1 - - [08/Dec/2022:20:22:59 +0530] "GET / HTTP/1.1" 200 8947 56
0:0:0:0:0:0:0:1 - - [08/Dec/2022:20:22:59 +0530] "GET /js/home.js HTTP/1.1" 200 143799 9
0:0:0:0:0:0:0:1 - - [08/Dec/2022:20:22:59 +0530] "GET /css/home.css HTTP/1.1" 200 25658 9
0:0:0:0:0:0:0:1 - - [08/Dec/2022:20:22:59 +0530] "GET /favicon.ico HTTP/1.1" 302 - 7
0:0:0:0:0:0:0:1 - - [08/Dec/2022:20:22:59 +0530] "GET /login HTTP/1.1" 200 3215 13
0:0:0:0:0:0:0:1 - - [08/Dec/2022:20:23:01 +0530] "GET /favicon.ico HTTP/1.1" 302 - 8
0:0:0:0:0:0:0:1 - - [08/Dec/2022:20:23:01 +0530] "GET /login HTTP/1.1" 200 3215 29
0:0:0:0:0:0:0:1 - - [08/Dec/2022:20:32:11 +0530] "GET / HTTP/1.1" 200 8868 2690
0:0:0:0:0:0:0:1 - - [08/Dec/2022:20:32:11 +0530] "GET /css/home.css HTTP/1.1" 200 25598 96
0:0:0:0:0:0:0:1 - - [08/Dec/2022:20:32:11 +0530] "GET /js/home.js HTTP/1.1" 200 143799 97
0:0:0:0:0:0:0:1 - - [08/Dec/2022:20:32:11 +0530] "GET /img/nick-morrison-FHnnjk1Yj7Y-unsplash%20(1).jpg HTTP/1.1" 200 1084438 97
0:0:0:0:0:0:0:1 - - [08/Dec/2022:20:32:11 +0530] "GET /favicon.ico HTTP/1.1" 302 - 47
0:0:0:0:0:0:0:1 - - [08/Dec/2022:20:32:11 +0530] "GET /login HTTP/1.1" 200 3215 46
0:0:0:0:0:0:0:1 - - [08/Dec/2022:20:32:29 +0530] "GET / HTTP/1.1" 200 8868 90
0:0:0:0:0:0:0:1 - - [08/Dec/2022:20:32:29 +0530] "GET /css/home.css HTTP/1.1" 200 25598 52
0:0:0:0:0:0:0:1 - - [08/Dec/2022:20:32:29 +0530] "GET /js/home.js HTTP/1.1" 200 143799 54
0:0:0:0:0:0:0:1 - - [08/Dec/2022:20:32:29 +0530] "GET /img/nick-morrison-FHnnjk1Yj7Y-unsplash%20(1).jpg HTTP/1.1" 200 1084438 52
0:0:0:0:0:0:0:1 - - [08/Dec/2022:20:32:29 +0530] "GET /favicon.ico HTTP/1.1" 302 - 10
0:0:0:0:0:0:0:1 - - [08/Dec/2022:20:32:29 +0530] "GET /login HTTP/1.1" 200 3215 27
0:0:0:0:0:0:0:1 - - [08/Dec/2022:20:32:30 +0530] "GET /Eedu/ HTTP/1.1" 302 - 53
0:0:0:0:0:0:0:1 - - [08/Dec/2022:20:32:30 +0530] "GET /login HTTP/1.1" 200 3215 17
0:0:0:0:0:0:0:1 - - [08/Dec/2022:20:32:30 +0530] "GET /vendor/jquery-easing/jquery.easing.min.js HTTP/1.1" 200 2532 72
0:0:0:0:0:0:0:1 - - [08/Dec/2022:20:32:30 +0530] "GET /js/sb-admin-2.min.js HTTP/1.1" 200 1106 72
0:0:0:0:0:0:0:1 - - [08/Dec/2022:20:32:30 +0530] "GET /vendor/fontawesome-free/css/all.min.css HTTP/1.1" 200 68848 85
0:0:0:0:0:0:0:1 - - [08/Dec/2022:20:32:30 +0530] "GET /vendor/bootstrap/js/bootstrap.bundle.min.js HTTP/1.1" 200 78635 84
0:0:0:0:0:0:0:1 - - [08/Dec/2022:20:32:30 +0530] "GET /vendor/jquery/jquery.min.js HTTP/1.1" 200 86927 88
0:0:0:0:0:0:0:1 - - [08/Dec/2022:20:32:30 +0530] "GET /css/sb-admin-2.min.css HTTP/1.1" 200 256663 91
0:0:0:0:0:0:0:1 - - [08/Dec/2022:20:32:30 +0530] "GET /img/SDIcon.ico HTTP/1.1" 404 146 84
0:0:0:0:0:0:0:1 - - [08/Dec/2022:20:32:36 +0530] "POST /login HTTP/1.1" 302 - 349
0:0:0:0:0:0:0:1 - - [08/Dec/2022:20:32:36 +0530] "GET / HTTP/1.1" 200 8868 28
0:0:0:0:0:0:0:1 - - [08/Dec/2022:20:32:37 +0530] "GET /js/home.js HTTP/1.1" 200 143799 23
0:0:0:0:0:0:0:1 - - [08/Dec/2022:20:32:37 +0530] "GET /css/home.css HTTP/1.1" 200 25598 23
0:0:0:0:0:0:0:1 - - [08/Dec/2022:20:32:37 +0530] "GET /img/nick-morrison-FHnnjk1Yj7Y-unsplash%20(1).jpg HTTP/1.1" 200 1084438 27
0:0:0:0:0:0:0:1 - - [08/Dec/2022:20:32:37 +0530] "GET /favicon.ico HTTP/1.1" 200 946 46
0:0:0:0:0:0:0:1 - - [08/Dec/2022:20:32:40 +0530] "GET /Eedu/ HTTP/1.1" 200 3421 166
0:0:0:0:0:0:0:1 - - [08/Dec/2022:20:32:40 +0530] "GET /css/Estyle.css HTTP/1.1" 200 2722 14
0:0:0:0:0:0:0:1 - - [08/Dec/2022:20:32:41 +0530] "GET /Eedu/compitation/RAS HTTP/1.1" 200 18710 130
0:0:0:0:0:0:0:1 - - [08/Dec/2022:20:32:41 +0530] "GET /css/Estyle.css HTTP/1.1" 200 2722 15
0:0:0:0:0:0:0:1 - - [08/Dec/2022:20:32:45 +0530] "GET /Eedu/showQuiz/RAS/hindi/ HTTP/1.1" 200 17597 102
0:0:0:0:0:0:0:1 - - [08/Dec/2022:20:32:45 +0530] "GET /css/Estyle.css HTTP/1.1" 200 2722 19
0:0:0:0:0:0:0:1 - - [08/Dec/2022:20:32:46 +0530] "GET /Eedu/startQuiz/RAS/hindi/2/ HTTP/1.1" 200 358 78
0:0:0:0:0:0:0:1 - - [08/Dec/2022:20:32:47 +0530] "GET /Eedu/ HTTP/1.1" 200 3421 31
0:0:0:0:0:0:0:1 - - [08/Dec/2022:20:32:47 +0530] "GET /css/Estyle.css HTTP/1.1" 200 2722 6
0:0:0:0:0:0:0:1 - - [08/Dec/2022:20:32:53 +0530] "GET /Admin/ HTTP/1.1" 200 17402 48
0:0:0:0:0:0:0:1 - - [08/Dec/2022:20:32:53 +0530] "GET /css/Estyle.css HTTP/1.1" 200 2722 13
0:0:0:0:0:0:0:1 - - [08/Dec/2022:20:32:54 +0530] "GET /Admin/compitation/RAS HTTP/1.1" 200 8456 46
0:0:0:0:0:0:0:1 - - [08/Dec/2022:20:32:54 +0530] "GET /css/Estyle.css HTTP/1.1" 200 2722 4
0:0:0:0:0:0:0:1 - - [08/Dec/2022:20:32:55 +0530] "GET /Admin/createQuiz/RAS/English HTTP/1.1" 200 14833 118
0:0:0:0:0:0:0:1 - - [08/Dec/2022:20:32:55 +0530] "GET /vendor/jquery-easing/jquery.easing.min.js HTTP/1.1" 200 2532 27
0:0:0:0:0:0:0:1 - - [08/Dec/2022:20:32:55 +0530] "GET /js/sb-admin-2.min.js HTTP/1.1" 200 1106 21
0:0:0:0:0:0:0:1 - - [08/Dec/2022:20:32:55 +0530] "GET /vendor/bootstrap/js/bootstrap.bundle.min.js HTTP/1.1" 200 78635 35
0:0:0:0:0:0:0:1 - - [08/Dec/2022:20:32:55 +0530] "GET /vendor/fontawesome-free/css/all.min.css HTTP/1.1" 200 68848 36
0:0:0:0:0:0:0:1 - - [08/Dec/2022:20:32:55 +0530] "GET /css/sb-admin-2.min.css HTTP/1.1" 200 256663 36
0:0:0:0:0:0:0:1 - - [08/Dec/2022:20:32:55 +0530] "GET /vendor/jquery/jquery.min.js HTTP/1.1" 200 86927 35
0:0:0:0:0:0:0:1 - - [08/Dec/2022:20:32:55 +0530] "GET /js/template.js HTTP/1.1" 200 - 24
0:0:0:0:0:0:0:1 - - [08/Dec/2022:20:33:12 +0530] "POST /Admin/saveQuiz HTTP/1.1" 302 - 249
0:0:0:0:0:0:0:1 - - [08/Dec/2022:20:33:12 +0530] "GET /Admin/ HTTP/1.1" 200 17402 68
0:0:0:0:0:0:0:1 - - [08/Dec/2022:20:33:12 +0530] "GET /css/Estyle.css HTTP/1.1" 200 2722 22
0:0:0:0:0:0:0:1 - - [08/Dec/2022:20:35:46 +0530] "GET /Eedu/ HTTP/1.1" 200 3421 104
0:0:0:0:0:0:0:1 - - [08/Dec/2022:20:35:46 +0530] "GET /css/Estyle.css HTTP/1.1" 200 2722 13
0:0:0:0:0:0:0:1 - - [08/Dec/2022:20:35:47 +0530] "GET /Eedu/compitation/RAS HTTP/1.1" 200 18710 60
0:0:0:0:0:0:0:1 - - [08/Dec/2022:20:35:47 +0530] "GET /css/Estyle.css HTTP/1.1" 200 2722 8
0:0:0:0:0:0:0:1 - - [08/Dec/2022:20:35:48 +0530] "GET /Eedu/showQuiz/RAS/hindi/ HTTP/1.1" 200 17597 40
0:0:0:0:0:0:0:1 - - [08/Dec/2022:20:35:48 +0530] "GET /css/Estyle.css HTTP/1.1" 200 2722 8
0:0:0:0:0:0:0:1 - - [08/Dec/2022:20:35:49 +0530] "GET /Eedu/startQuiz/RAS/hindi/2/ HTTP/1.1" 200 358 49
0:0:0:0:0:0:0:1 - - [08/Dec/2022:20:35:51 +0530] "GET /Eedu/ HTTP/1.1" 200 3421 27
0:0:0:0:0:0:0:1 - - [08/Dec/2022:20:35:51 +0530] "GET /css/Estyle.css HTTP/1.1" 200 2722 13
0:0:0:0:0:0:0:1 - - [08/Dec/2022:20:35:51 +0530] "GET /Eedu/compitation/RAS HTTP/1.1" 200 18710 94
0:0:0:0:0:0:0:1 - - [08/Dec/2022:20:35:51 +0530] "GET /css/Estyle.css HTTP/1.1" 200 2722 22
0:0:0:0:0:0:0:1 - - [08/Dec/2022:20:35:52 +0530] "GET /Eedu/showQuiz/RAS/English/ HTTP/1.1" 200 26131 84
0:0:0:0:0:0:0:1 - - [08/Dec/2022:20:35:52 +0530] "GET /css/Estyle.css HTTP/1.1" 200 2722 27
0:0:0:0:0:0:0:1 - - [08/Dec/2022:20:35:53 +0530] "GET /Eedu/startQuiz/RAS/English/3/ HTTP/1.1" 200 12824 158
0:0:0:0:0:0:0:1 - - [08/Dec/2022:20:35:53 +0530] "GET /css/quiz.css HTTP/1.1" 200 154436 38
0:0:0:0:0:0:0:1 - - [08/Dec/2022:20:35:53 +0530] "GET /js/quizScript.js HTTP/1.1" 200 93515 20
0:0:0:0:0:0:0:1 - - [08/Dec/2022:20:36:01 +0530] "GET /Eedu/showQuiz/RAS/English/ HTTP/1.1" 200 26131 94
0:0:0:0:0:0:0:1 - - [08/Dec/2022:20:36:01 +0530] "GET /css/Estyle.css HTTP/1.1" 200 2722 8
0:0:0:0:0:0:0:1 - - [08/Dec/2022:20:36:02 +0530] "GET /Eedu/compitation/RAS HTTP/1.1" 200 18710 49
0:0:0:0:0:0:0:1 - - [08/Dec/2022:20:36:02 +0530] "GET /css/Estyle.css HTTP/1.1" 200 2722 6
0:0:0:0:0:0:0:1 - - [08/Dec/2022:20:36:02 +0530] "GET /Eedu/ HTTP/1.1" 200 3421 49
0:0:0:0:0:0:0:1 - - [08/Dec/2022:20:36:02 +0530] "GET /css/Estyle.css HTTP/1.1" 200 2722 11
0:0:0:0:0:0:0:1 - - [08/Dec/2022:20:36:05 +0530] "GET /Eedu/startQuiz/RAS/hindi/2/ HTTP/1.1" 200 358 55
0:0:0:0:0:0:0:1 - - [08/Dec/2022:20:36:09 +0530] "GET / HTTP/1.1" 200 8868 33
0:0:0:0:0:0:0:1 - - [08/Dec/2022:20:36:09 +0530] "GET /css/home.css HTTP/1.1" 200 25598 17
0:0:0:0:0:0:0:1 - - [08/Dec/2022:20:36:09 +0530] "GET /js/home.js HTTP/1.1" 200 143799 13
0:0:0:0:0:0:0:1 - - [08/Dec/2022:20:36:09 +0530] "GET /img/nick-morrison-FHnnjk1Yj7Y-unsplash%20(1).jpg HTTP/1.1" 200 1084438 27
0:0:0:0:0:0:0:1 - - [08/Dec/2022:20:36:13 +0530] "GET /css/home.css HTTP/1.1" 200 25598 19
0:0:0:0:0:0:0:1 - - [08/Dec/2022:20:36:13 +0530] "GET /js/swiper-bundle.min.js.map HTTP/1.1" 404 159 17
0:0:0:0:0:0:0:1 - - [08/Dec/2022:20:36:13 +0530] "GET /css/normalize.min.css.map HTTP/1.1" 404 157 9
0:0:0:0:0:0:0:1 - - [08/Dec/2022:20:36:27 +0530] "GET /img/nick-morrison-FHnnjk1Yj7Y-unsplash%20(1).jpg HTTP/1.1" 200 1084438 30
0:0:0:0:0:0:0:1 - - [08/Dec/2022:20:36:28 +0530] "GET /img/nick-morrison-FHnnjk1Yj7Y-unsplash%20(1).jpg HTTP/1.1" 200 1084438 18
0:0:0:0:0:0:0:1 - - [08/Dec/2022:20:37:45 +0530] "GET /img/nick-morrison-FHnnjk1Yj7Y-unsplash%20(1).jpg HTTP/1.1" 200 1084438 35
0:0:0:0:0:0:0:1 - - [08/Dec/2022:20:38:26 +0530] "GET /img/nick-morrison-FHnnjk1Yj7Y-unsplash%20(1).jpg HTTP/1.1" 200 1084438 24
0:0:0:0:0:0:0:1 - - [08/Dec/2022:20:38:26 +0530] "GET /img/nick-morrison-FHnnjk1Yj7Y-unsplash%20(1).jpg HTTP/1.1" 200 1084438 23
0:0:0:0:0:0:0:1 - - [08/Dec/2022:20:38:31 +0530] "GET /img/nick-morrison-FHnnjk1Yj7Y-unsplash%20(1).jpg HTTP/1.1" 200 1084438 40
0:0:0:0:0:0:0:1 - - [08/Dec/2022:20:38:31 +0530] "GET /img/nick-morrison-FHnnjk1Yj7Y-unsplash%20(1).jpg HTTP/1.1" 200 1084438 44
0:0:0:0:0:0:0:1 - - [08/Dec/2022:20:38:39 +0530] "GET /img/nick-morrison-FHnnjk1Yj7Y-unsplash%20(1).jpg HTTP/1.1" 200 1084438 52
0:0:0:0:0:0:0:1 - - [08/Dec/2022:20:38:40 +0530] "GET /img/nick-morrison-FHnnjk1Yj7Y-unsplash%20(1).jpg HTTP/1.1" 200 1084438 27
0:0:0:0:0:0:0:1 - - [08/Dec/2022:20:44:37 +0530] "GET /css/normalize.min.css.map HTTP/1.1" 404 157 153
0:0:0:0:0:0:0:1 - - [08/Dec/2022:20:44:53 +0530] "GET / HTTP/1.1" 200 8868 136
0:0:0:0:0:0:0:1 - - [08/Dec/2022:20:44:53 +0530] "GET /css/home.css HTTP/1.1" 200 25598 18
0:0:0:0:0:0:0:1 - - [08/Dec/2022:20:44:53 +0530] "GET /js/home.js HTTP/1.1" 200 143799 18
0:0:0:0:0:0:0:1 - - [08/Dec/2022:20:44:53 +0530] "GET /img/nick-morrison-FHnnjk1Yj7Y-unsplash%20(1).jpg HTTP/1.1" 200 1084438 21
0:0:0:0:0:0:0:1 - - [08/Dec/2022:20:44:53 +0530] "GET /js/swiper-bundle.min.js.map HTTP/1.1" 404 159 24
0:0:0:0:0:0:0:1 - - [08/Dec/2022:20:44:53 +0530] "GET /css/normalize.min.css.map HTTP/1.1" 404 157 34
0:0:0:0:0:0:0:1 - - [08/Dec/2022:20:44:53 +0530] "GET /favicon.ico HTTP/1.1" 200 946 47
